INFO  time: initialize in 0.96s
WARN  no build tool detected in workspace '/home/levi/Projects/fp-scala'. The most common cause for this problem is that the editor was opened in the wrong working directory, for example if you use sbt then the workspace directory should contain build.sbt. 
WARN  no build target: /home/levi/Projects/fp-scala/chapter3/List.scala
INFO  no build target: using presentation compiler with only scala-library
WARN  no build target: /home/levi/Projects/fp-scala/chapter3/List.scala
Exception in thread "pool-1-thread-2" java.lang.InterruptedException
	at scala.meta.internal.metals.FutureCancelToken.checkCanceled(FutureCancelToken.scala:20)
	at scala.meta.internal.mtags.MtagsEnrichments$XtensionCancelChecker.isCancelled(MtagsEnrichments.scala:350)
	at scala.meta.internal.metals.FormattingProvider.$anonfun$isCancelled$1(FormattingProvider.scala:59)
	at scala.meta.internal.metals.FormattingProvider.$anonfun$isCancelled$1$adapted(FormattingProvider.scala:59)
	at scala.Option.exists(Option.scala:376)
	at scala.meta.internal.metals.FormattingProvider.isCancelled(FormattingProvider.scala:59)
	at scala.meta.internal.metals.FormattingProvider.$anonfun$handleMissingFile$1(FormattingProvider.scala:171)
	at scala.meta.internal.metals.FormattingProvider.$anonfun$handleMissingFile$1$adapted(FormattingProvider.scala:164)
	at scala.util.Success.$anonfun$map$1(Try.scala:255)
	at scala.util.Success.map(Try.scala:213)
	at scala.concurrent.Future.$anonfun$map$1(Future.scala:292)
	at scala.concurrent.impl.Promise.liftedTree1$1(Promise.scala:33)
	at scala.concurrent.impl.Promise.$anonfun$transform$1(Promise.scala:33)
	at scala.concurrent.impl.CallbackRunnable.run(Promise.scala:64)
	at java.base/java.util.concurrent.ThreadPoolExecutor.runWorker(ThreadPoolExecutor.java:1128)
	at java.base/java.util.concurrent.ThreadPoolExecutor$Worker.run(ThreadPoolExecutor.java:628)
	at java.base/java.lang.Thread.run(Thread.java:834)
Downloading https://repo1.maven.org/maven2/org/scala-lang/scala-reflect/2.12.8/scala-reflect-2.12.8.pom.sha1
Downloading https://repo1.maven.org/maven2/org/scalameta/scalafmt-cli_2.12/2.0.1/scalafmt-cli_2.12-2.0.1.pom
Downloading https://repo1.maven.org/maven2/org/scalameta/scalafmt-cli_2.12/2.0.1/scalafmt-cli_2.12-2.0.1.pom.sha1
Downloaded https://repo1.maven.org/maven2/org/scalameta/scalafmt-cli_2.12/2.0.1/scalafmt-cli_2.12-2.0.1.pom
Downloaded https://repo1.maven.org/maven2/org/scalameta/scalafmt-cli_2.12/2.0.1/scalafmt-cli_2.12-2.0.1.pom.sha1
Downloaded https://repo1.maven.org/maven2/org/scala-lang/scala-reflect/2.12.8/scala-reflect-2.12.8.pom.sha1
Downloading https://repo1.maven.org/maven2/org/scalameta/scalafmt-cli_2.12/2.0.1/
Downloading https://repo1.maven.org/maven2/org/scala-lang/scala-reflect/2.12.8/
Downloaded https://repo1.maven.org/maven2/org/scalameta/scalafmt-cli_2.12/2.0.1/
Downloaded https://repo1.maven.org/maven2/org/scala-lang/scala-reflect/2.12.8/
Downloading https://repo1.maven.org/maven2/com/martiansoftware/nailgun-server/0.9.1/nailgun-server-0.9.1.pom
Downloading https://repo1.maven.org/maven2/com/martiansoftware/nailgun-server/0.9.1/nailgun-server-0.9.1.pom.sha1
Downloading https://repo1.maven.org/maven2/org/scalameta/scalafmt-dynamic_2.12/2.0.1/
Downloading https://repo1.maven.org/maven2/org/scala-lang/scala-library/2.12.8/scala-library-2.12.8.pom.sha1
Downloading https://repo1.maven.org/maven2/com/github/scopt/scopt_2.12/3.5.0/scopt_2.12-3.5.0.pom
Downloading https://repo1.maven.org/maven2/com/github/scopt/scopt_2.12/3.5.0/scopt_2.12-3.5.0.pom.sha1
Downloaded https://repo1.maven.org/maven2/com/martiansoftware/nailgun-server/0.9.1/nailgun-server-0.9.1.pom.sha1
Downloading https://repo1.maven.org/maven2/org/scalameta/scalafmt-core_2.12/2.0.1/scalafmt-core_2.12-2.0.1.pom.sha1
Downloaded https://repo1.maven.org/maven2/com/martiansoftware/nailgun-server/0.9.1/nailgun-server-0.9.1.pom
Downloading https://repo1.maven.org/maven2/org/scalameta/scalafmt-core_2.12/2.0.1/scalafmt-core_2.12-2.0.1.pom
Downloaded https://repo1.maven.org/maven2/org/scalameta/scalafmt-core_2.12/2.0.1/scalafmt-core_2.12-2.0.1.pom.sha1
Downloading https://repo1.maven.org/maven2/com/googlecode/java-diff-utils/diffutils/1.3.0/
Downloaded https://repo1.maven.org/maven2/org/scalameta/scalafmt-core_2.12/2.0.1/scalafmt-core_2.12-2.0.1.pom
Downloading https://repo1.maven.org/maven2/com/martiansoftware/nailgun-server/0.9.1/
Downloaded https://repo1.maven.org/maven2/com/googlecode/java-diff-utils/diffutils/1.3.0/
Downloading https://repo1.maven.org/maven2/org/scalameta/scalafmt-core_2.12/2.0.1/
Downloaded https://repo1.maven.org/maven2/com/martiansoftware/nailgun-server/0.9.1/
Downloading https://repo1.maven.org/maven2/org/scala-lang/modules/scala-xml_2.12/1.1.1/
Downloaded https://repo1.maven.org/maven2/org/scalameta/scalafmt-dynamic_2.12/2.0.1/
Downloaded https://repo1.maven.org/maven2/org/scala-lang/scala-library/2.12.8/scala-library-2.12.8.pom.sha1
Downloaded https://repo1.maven.org/maven2/com/github/scopt/scopt_2.12/3.5.0/scopt_2.12-3.5.0.pom.sha1
Downloading https://repo1.maven.org/maven2/org/scala-lang/scala-library/2.12.8/
Downloaded https://repo1.maven.org/maven2/com/github/scopt/scopt_2.12/3.5.0/scopt_2.12-3.5.0.pom
Downloading https://repo1.maven.org/maven2/com/github/scopt/scopt_2.12/3.5.0/
Downloaded https://repo1.maven.org/maven2/org/scalameta/scalafmt-core_2.12/2.0.1/
Downloaded https://repo1.maven.org/maven2/org/scala-lang/modules/scala-xml_2.12/1.1.1/
Downloaded https://repo1.maven.org/maven2/org/scala-lang/scala-library/2.12.8/
Downloaded https://repo1.maven.org/maven2/com/github/scopt/scopt_2.12/3.5.0/
Downloading https://repo1.maven.org/maven2/org/sonatype/oss/oss-parent/7/oss-parent-7.pom.sha1
Downloading https://repo1.maven.org/maven2/com/martiansoftware/nailgun-all/0.9.1/nailgun-all-0.9.1.pom.sha1
Downloading https://repo1.maven.org/maven2/com/martiansoftware/nailgun-all/0.9.1/nailgun-all-0.9.1.pom
Downloaded https://repo1.maven.org/maven2/org/sonatype/oss/oss-parent/7/oss-parent-7.pom.sha1
Downloading https://repo1.maven.org/maven2/org/sonatype/oss/oss-parent/7/
Downloaded https://repo1.maven.org/maven2/com/martiansoftware/nailgun-all/0.9.1/nailgun-all-0.9.1.pom.sha1
Downloaded https://repo1.maven.org/maven2/com/martiansoftware/nailgun-all/0.9.1/nailgun-all-0.9.1.pom
Downloaded https://repo1.maven.org/maven2/org/sonatype/oss/oss-parent/7/
Downloading https://repo1.maven.org/maven2/com/martiansoftware/nailgun-all/0.9.1/
Downloaded https://repo1.maven.org/maven2/com/martiansoftware/nailgun-all/0.9.1/
Downloading https://repo1.maven.org/maven2/com/typesafe/config/1.3.3/config-1.3.3.pom.sha1
Downloading https://repo1.maven.org/maven2/com/geirsson/metaconfig-typesafe-config_2.12/0.8.3/metaconfig-typesafe-config_2.12-0.8.3.pom
Downloading https://repo1.maven.org/maven2/com/geirsson/metaconfig-typesafe-config_2.12/0.8.3/metaconfig-typesafe-config_2.12-0.8.3.pom.sha1
Downloading https://repo1.maven.org/maven2/org/scalameta/scalafmt-interfaces/2.0.1/
Downloading https://repo1.maven.org/maven2/com/geirsson/metaconfig-core_2.12/0.8.3/metaconfig-core_2.12-0.8.3.pom.sha1
Downloading https://repo1.maven.org/maven2/com/geirsson/metaconfig-core_2.12/0.8.3/metaconfig-core_2.12-0.8.3.pom
Downloaded https://repo1.maven.org/maven2/com/typesafe/config/1.3.3/config-1.3.3.pom.sha1
Downloading https://repo1.maven.org/maven2/org/scalameta/scalameta_2.12/4.2.0/scalameta_2.12-4.2.0.pom
Downloaded https://repo1.maven.org/maven2/com/geirsson/metaconfig-typesafe-config_2.12/0.8.3/metaconfig-typesafe-config_2.12-0.8.3.pom
Downloading https://repo1.maven.org/maven2/org/scalameta/scalameta_2.12/4.2.0/scalameta_2.12-4.2.0.pom.sha1
Downloaded https://repo1.maven.org/maven2/com/geirsson/metaconfig-typesafe-config_2.12/0.8.3/metaconfig-typesafe-config_2.12-0.8.3.pom.sha1
Downloading https://repo1.maven.org/maven2/com/geirsson/metaconfig-typesafe-config_2.12/0.8.3/
Downloaded https://repo1.maven.org/maven2/org/scalameta/scalafmt-interfaces/2.0.1/
Downloading https://repo1.maven.org/maven2/com/geirsson/coursier-small_2.12/1.3.1/coursier-small_2.12-1.3.1.pom
Downloaded https://repo1.maven.org/maven2/com/geirsson/metaconfig-core_2.12/0.8.3/metaconfig-core_2.12-0.8.3.pom.sha1
Downloading https://repo1.maven.org/maven2/com/typesafe/config/1.3.3/
Downloaded https://repo1.maven.org/maven2/org/scalameta/scalameta_2.12/4.2.0/scalameta_2.12-4.2.0.pom
Downloading https://repo1.maven.org/maven2/com/geirsson/coursier-small_2.12/1.3.1/coursier-small_2.12-1.3.1.pom.sha1
Downloaded https://repo1.maven.org/maven2/org/scalameta/scalameta_2.12/4.2.0/scalameta_2.12-4.2.0.pom.sha1
Downloading https://repo1.maven.org/maven2/org/scalameta/scalameta_2.12/4.2.0/
Downloaded https://repo1.maven.org/maven2/com/geirsson/metaconfig-typesafe-config_2.12/0.8.3/
Downloaded https://repo1.maven.org/maven2/com/typesafe/config/1.3.3/
Downloaded https://repo1.maven.org/maven2/com/geirsson/coursier-small_2.12/1.3.1/coursier-small_2.12-1.3.1.pom
Downloaded https://repo1.maven.org/maven2/org/scalameta/scalameta_2.12/4.2.0/
Downloaded https://repo1.maven.org/maven2/com/geirsson/metaconfig-core_2.12/0.8.3/metaconfig-core_2.12-0.8.3.pom
Downloading https://repo1.maven.org/maven2/com/geirsson/metaconfig-core_2.12/0.8.3/
Downloaded https://repo1.maven.org/maven2/com/geirsson/metaconfig-core_2.12/0.8.3/
Downloaded https://repo1.maven.org/maven2/com/geirsson/coursier-small_2.12/1.3.1/coursier-small_2.12-1.3.1.pom.sha1
Downloading https://repo1.maven.org/maven2/com/geirsson/coursier-small_2.12/1.3.1/
Downloaded https://repo1.maven.org/maven2/com/geirsson/coursier-small_2.12/1.3.1/
Downloading https://repo1.maven.org/maven2/com/lihaoyi/pprint_2.12/0.5.3/pprint_2.12-0.5.3.pom
Downloading https://repo1.maven.org/maven2/com/lihaoyi/pprint_2.12/0.5.3/pprint_2.12-0.5.3.pom.sha1
Downloading https://repo1.maven.org/maven2/org/scala-lang/scalap/2.12.8/scalap-2.12.8.pom.sha1
Downloading https://repo1.maven.org/maven2/org/scalameta/parsers_2.12/4.2.0/parsers_2.12-4.2.0.pom
Downloading https://repo1.maven.org/maven2/org/scalameta/parsers_2.12/4.2.0/parsers_2.12-4.2.0.pom.sha1
Downloading https://repo1.maven.org/maven2/org/scala-lang/scalap/2.12.8/scalap-2.12.8.pom
Downloaded https://repo1.maven.org/maven2/com/lihaoyi/pprint_2.12/0.5.3/pprint_2.12-0.5.3.pom
Downloaded https://repo1.maven.org/maven2/com/lihaoyi/pprint_2.12/0.5.3/pprint_2.12-0.5.3.pom.sha1
Downloading https://repo1.maven.org/maven2/com/lihaoyi/pprint_2.12/0.5.3/
Downloading https://repo1.maven.org/maven2/org/typelevel/paiges-core_2.12/0.2.0/paiges-core_2.12-0.2.0.pom
Downloaded https://repo1.maven.org/maven2/org/scala-lang/scalap/2.12.8/scalap-2.12.8.pom.sha1
Downloading https://repo1.maven.org/maven2/org/typelevel/paiges-core_2.12/0.2.0/paiges-core_2.12-0.2.0.pom.sha1
Downloaded https://repo1.maven.org/maven2/org/scalameta/parsers_2.12/4.2.0/parsers_2.12-4.2.0.pom
Downloaded https://repo1.maven.org/maven2/org/scalameta/parsers_2.12/4.2.0/parsers_2.12-4.2.0.pom.sha1
Downloading https://repo1.maven.org/maven2/org/scalameta/parsers_2.12/4.2.0/
Downloaded https://repo1.maven.org/maven2/com/lihaoyi/pprint_2.12/0.5.3/
Downloaded https://repo1.maven.org/maven2/org/typelevel/paiges-core_2.12/0.2.0/paiges-core_2.12-0.2.0.pom
Downloaded https://repo1.maven.org/maven2/org/typelevel/paiges-core_2.12/0.2.0/paiges-core_2.12-0.2.0.pom.sha1
Downloading https://repo1.maven.org/maven2/org/typelevel/paiges-core_2.12/0.2.0/
Downloaded https://repo1.maven.org/maven2/org/scalameta/parsers_2.12/4.2.0/
Downloaded https://repo1.maven.org/maven2/org/scala-lang/scalap/2.12.8/scalap-2.12.8.pom
Downloading https://repo1.maven.org/maven2/org/scala-lang/scalap/2.12.8/
Downloaded https://repo1.maven.org/maven2/org/typelevel/paiges-core_2.12/0.2.0/
Downloaded https://repo1.maven.org/maven2/org/scala-lang/scalap/2.12.8/
Downloading https://repo1.maven.org/maven2/com/lihaoyi/sourcecode_2.12/0.1.4/sourcecode_2.12-0.1.4.pom
Downloading https://repo1.maven.org/maven2/com/lihaoyi/sourcecode_2.12/0.1.4/sourcecode_2.12-0.1.4.pom.sha1
Downloading https://repo1.maven.org/maven2/com/lihaoyi/fansi_2.12/0.2.5/fansi_2.12-0.2.5.pom.sha1
Downloading https://repo1.maven.org/maven2/com/lihaoyi/fansi_2.12/0.2.5/fansi_2.12-0.2.5.pom
Downloading https://repo1.maven.org/maven2/org/scala-lang/scala-compiler/2.12.8/scala-compiler-2.12.8.pom.sha1
Downloading https://repo1.maven.org/maven2/org/scalameta/trees_2.12/4.2.0/trees_2.12-4.2.0.pom.sha1
Downloaded https://repo1.maven.org/maven2/com/lihaoyi/fansi_2.12/0.2.5/fansi_2.12-0.2.5.pom.sha1
Downloading https://repo1.maven.org/maven2/org/scalameta/trees_2.12/4.2.0/trees_2.12-4.2.0.pom
Downloaded https://repo1.maven.org/maven2/com/lihaoyi/fansi_2.12/0.2.5/fansi_2.12-0.2.5.pom
Downloading https://repo1.maven.org/maven2/com/lihaoyi/fansi_2.12/0.2.5/
Downloaded https://repo1.maven.org/maven2/org/scala-lang/scala-compiler/2.12.8/scala-compiler-2.12.8.pom.sha1
Downloading https://repo1.maven.org/maven2/org/scala-lang/scala-compiler/2.12.8/
Downloaded https://repo1.maven.org/maven2/com/lihaoyi/sourcecode_2.12/0.1.4/sourcecode_2.12-0.1.4.pom
Downloaded https://repo1.maven.org/maven2/com/lihaoyi/sourcecode_2.12/0.1.4/sourcecode_2.12-0.1.4.pom.sha1
Downloading https://repo1.maven.org/maven2/com/lihaoyi/sourcecode_2.12/0.1.4/
Downloaded https://repo1.maven.org/maven2/org/scalameta/trees_2.12/4.2.0/trees_2.12-4.2.0.pom
Downloaded https://repo1.maven.org/maven2/com/lihaoyi/fansi_2.12/0.2.5/
Downloaded https://repo1.maven.org/maven2/org/scala-lang/scala-compiler/2.12.8/
Downloaded https://repo1.maven.org/maven2/com/lihaoyi/sourcecode_2.12/0.1.4/
Downloaded https://repo1.maven.org/maven2/org/scalameta/trees_2.12/4.2.0/trees_2.12-4.2.0.pom.sha1
Downloading https://repo1.maven.org/maven2/org/scalameta/trees_2.12/4.2.0/
Downloaded https://repo1.maven.org/maven2/org/scalameta/trees_2.12/4.2.0/
Downloading https://repo1.maven.org/maven2/org/scalameta/common_2.12/4.2.0/common_2.12-4.2.0.pom
Downloading https://repo1.maven.org/maven2/org/scalameta/common_2.12/4.2.0/common_2.12-4.2.0.pom.sha1
Downloading https://repo1.maven.org/maven2/org/scalameta/fastparse_2.12/1.0.1/
Downloaded https://repo1.maven.org/maven2/org/scalameta/common_2.12/4.2.0/common_2.12-4.2.0.pom
Downloaded https://repo1.maven.org/maven2/org/scalameta/common_2.12/4.2.0/common_2.12-4.2.0.pom.sha1
Downloading https://repo1.maven.org/maven2/org/scalameta/common_2.12/4.2.0/
Downloaded https://repo1.maven.org/maven2/org/scalameta/fastparse_2.12/1.0.1/
Downloaded https://repo1.maven.org/maven2/org/scalameta/common_2.12/4.2.0/
Downloading https://repo1.maven.org/maven2/org/scalameta/fastparse-utils_2.12/1.0.1/
Downloading https://repo1.maven.org/maven2/com/lihaoyi/sourcecode_2.12/0.1.7/
Downloaded https://repo1.maven.org/maven2/org/scalameta/fastparse-utils_2.12/1.0.1/
Downloaded https://repo1.maven.org/maven2/com/lihaoyi/sourcecode_2.12/0.1.7/
WARN  no build target: /home/levi/Projects/fp-scala/chapter3/List.scala
WARN  no build target: /home/levi/Projects/fp-scala/chapter3/List.scala
Sep 09, 2019 11:46:46 PM org.eclipse.lsp4j.jsonrpc.services.GenericEndpoint notify
INFO: Unsupported notification method: $/setTraceNotification
Sep 09, 2019 11:47:38 PM org.eclipse.lsp4j.jsonrpc.services.GenericEndpoint notify
INFO: Unsupported notification method: $/setTraceNotification
WARN  no build target: /home/levi/Projects/fp-scala/chapter3/Main.scala
Sep 09, 2019 11:48:14 PM scala.meta.internal.pc.CompilerAccess handleError
SEVERE: String index out of range: -1
java.lang.StringIndexOutOfBoundsException: String index out of range: -1
	at java.base/java.lang.StringLatin1.charAt(StringLatin1.java:47)
	at java.base/java.lang.String.charAt(String.java:693)
	at scala.meta.internal.pc.CompletionProvider.cursorName(CompletionProvider.scala:25)
	at scala.meta.internal.pc.CompletionProvider.completions(CompletionProvider.scala:43)

WARN  no build target: /home/levi/Projects/fp-scala/chapter3/Main.scala
INFO  shutting down Metals
INFO  time: initialize in 1.41s
WARN  no build tool detected in workspace '/home/levi/Projects/fp-scala'. The most common cause for this problem is that the editor was opened in the wrong working directory, for example if you use sbt then the workspace directory should contain build.sbt. 
WARN  no build target: /home/levi/Projects/fp-scala/chapter3/List.scala
INFO  shutting down Metals
INFO  time: initialize in 1.04s
WARN  no build tool detected in workspace '/home/levi/Projects/fp-scala'. The most common cause for this problem is that the editor was opened in the wrong working directory, for example if you use sbt then the workspace directory should contain build.sbt. 
WARN  no build target: /home/levi/Projects/fp-scala/chapter3/List.scala
INFO  no build target: using presentation compiler with only scala-library
something's wrong: no file:///home/levi/Projects/fp-scala/chapter3/List.scala in fpinscala.datastructure.List[<error>]RangePosition(file:///home/levi/Projects/fp-scala/chapter3/List.scala, 557, 557, 571)
ERROR scalafmt: /home/levi/Projects/fp-scala/chapter3/List.scala:23: error: identifier expected but [ found
  def tail(ds: List[A]): [A] = ds match {
                         ^
Sep 13, 2019 10:29:25 PM org.eclipse.lsp4j.jsonrpc.RemoteEndpoint handleCancellation
WARNING: Unmatched cancel notification for request id 80
WARN  no build target: /home/levi/Projects/fp-scala/chapter3/List.scala
ERROR scalafmt: /home/levi/Projects/fp-scala/chapter3/List.scala:25: error: case expected but } found
  }
  ^
WARN  no build target: /home/levi/Projects/fp-scala/chapter3/List.scala
WARN  no build target: /home/levi/Projects/fp-scala/chapter3/List.scala
Sep 13, 2019 10:30:14 PM org.eclipse.lsp4j.jsonrpc.RemoteEndpoint handleCancellation
WARNING: Unmatched cancel notification for request id 171
WARN  no build target: /home/levi/Projects/fp-scala/chapter3/List.scala
WARN  no build target: /home/levi/Projects/fp-scala/chapter3/Main.scala
WARN  no build target: /home/levi/Projects/fp-scala/chapter3/Main.scala
WARN  no build target: /home/levi/Projects/fp-scala/chapter3/Main.scala
Sep 13, 2019 10:35:07 PM scala.meta.internal.pc.CompilerAccess handleError
SEVERE: null
java.lang.NullPointerException
	at scala.meta.internal.pc.HoverProvider.hover(HoverProvider.scala:37)

Sep 13, 2019 10:35:10 PM org.eclipse.lsp4j.jsonrpc.RemoteEndpoint fallbackResponseError
SEVERE: Internal error: org.scalameta.invariants.InvariantFailedException: invariant failed:
when verifying og.categories.intersect[String](ig.categories).nonEmpty
found that og.categories.intersect[String](ig.categories).nonEmpty is false
where ig = Literal
where og = Typ
java.util.concurrent.CompletionException: org.scalameta.invariants.InvariantFailedException: invariant failed:
when verifying og.categories.intersect[String](ig.categories).nonEmpty
found that og.categories.intersect[String](ig.categories).nonEmpty is false
where ig = Literal
where og = Typ
	at java.base/java.util.concurrent.CompletableFuture.encodeThrowable(CompletableFuture.java:331)
	at java.base/java.util.concurrent.CompletableFuture.completeThrowable(CompletableFuture.java:346)
	at java.base/java.util.concurrent.CompletableFuture$UniAccept.tryFire(CompletableFuture.java:704)
	at java.base/java.util.concurrent.CompletableFuture.postComplete(CompletableFuture.java:506)
	at java.base/java.util.concurrent.CompletableFuture.completeExceptionally(CompletableFuture.java:2088)
	at scala.meta.internal.metals.CancelTokens$.$anonfun$future$1(CancelTokens.scala:38)
	at scala.meta.internal.metals.CancelTokens$.$anonfun$future$1$adapted(CancelTokens.scala:36)
	at scala.concurrent.impl.CallbackRunnable.run(Promise.scala:64)
	at java.base/java.util.concurrent.ThreadPoolExecutor.runWorker(ThreadPoolExecutor.java:1128)
	at java.base/java.util.concurrent.ThreadPoolExecutor$Worker.run(ThreadPoolExecutor.java:628)
	at java.base/java.lang.Thread.run(Thread.java:834)
Caused by: org.scalameta.invariants.InvariantFailedException: invariant failed:
when verifying og.categories.intersect[String](ig.categories).nonEmpty
found that og.categories.intersect[String](ig.categories).nonEmpty is false
where ig = Literal
where og = Typ
	at org.scalameta.invariants.InvariantFailedException$.raise(Exceptions.scala:15)
	at scala.meta.internal.prettyprinters.TreeSyntax$SyntaxInstances.groupNeedsParens$1(TreeSyntax.scala:95)
	at scala.meta.internal.prettyprinters.TreeSyntax$SyntaxInstances.p(TreeSyntax.scala:107)
	at scala.meta.internal.prettyprinters.TreeSyntax$SyntaxInstances.$anonfun$syntaxTree$27(TreeSyntax.scala:408)
	at scala.collection.immutable.List.map(List.scala:286)
	at scala.meta.internal.prettyprinters.TreeSyntax$SyntaxInstances.$anonfun$syntaxTree$1(TreeSyntax.scala:408)
	at scala.meta.prettyprinters.Syntax$$anon$1.apply(Syntax.scala:9)
	at scala.meta.internal.prettyprinters.TreeSyntax$.$anonfun$apply$1(TreeSyntax.scala:718)
	at scala.meta.prettyprinters.Syntax$$anon$1.apply(Syntax.scala:9)
	at scala.meta.prettyprinters.Api$XtensionSyntax.syntax(Api.scala:11)
	at scala.meta.internal.metals.DocumentSymbolProvider$SymbolTraverser.$anonfun$apply$1(DocumentSymbolProvider.scala:102)
	at scala.collection.immutable.List.map(List.scala:286)
	at scala.meta.internal.metals.DocumentSymbolProvider$SymbolTraverser.apply(DocumentSymbolProvider.scala:102)
	at scala.meta.transversers.SimpleTraverser.$anonfun$apply$1(SimpleTraverser.scala:5)
	at scala.meta.transversers.SimpleTraverser.$anonfun$apply$1$adapted(SimpleTraverser.scala:5)
	at scala.collection.immutable.List.foreach(List.scala:392)
	at scala.meta.transversers.SimpleTraverser.apply(SimpleTraverser.scala:5)
	at scala.meta.internal.metals.DocumentSymbolProvider$SymbolTraverser.continue$1(DocumentSymbolProvider.scala:88)
	at scala.meta.internal.metals.DocumentSymbolProvider$SymbolTraverser.newOwner$1(DocumentSymbolProvider.scala:92)
	at scala.meta.internal.metals.DocumentSymbolProvider$SymbolTraverser.apply(DocumentSymbolProvider.scala:187)
	at scala.meta.transversers.SimpleTraverser.$anonfun$apply$1(SimpleTraverser.scala:5)
	at scala.meta.transversers.SimpleTraverser.$anonfun$apply$1$adapted(SimpleTraverser.scala:5)
	at scala.collection.immutable.List.foreach(List.scala:392)
	at scala.meta.transversers.SimpleTraverser.apply(SimpleTraverser.scala:5)
	at scala.meta.internal.metals.DocumentSymbolProvider$SymbolTraverser.continue$1(DocumentSymbolProvider.scala:88)
	at scala.meta.internal.metals.DocumentSymbolProvider$SymbolTraverser.apply(DocumentSymbolProvider.scala:109)
	at scala.meta.transversers.SimpleTraverser.$anonfun$apply$1(SimpleTraverser.scala:5)
	at scala.meta.transversers.SimpleTraverser.$anonfun$apply$1$adapted(SimpleTraverser.scala:5)
	at scala.collection.immutable.List.foreach(List.scala:392)
	at scala.meta.transversers.SimpleTraverser.apply(SimpleTraverser.scala:5)
	at scala.meta.internal.metals.DocumentSymbolProvider$SymbolTraverser.continue$1(DocumentSymbolProvider.scala:88)
	at scala.meta.internal.metals.DocumentSymbolProvider$SymbolTraverser.newOwner$1(DocumentSymbolProvider.scala:92)
	at scala.meta.internal.metals.DocumentSymbolProvider$SymbolTraverser.apply(DocumentSymbolProvider.scala:154)
	at scala.meta.transversers.SimpleTraverser.$anonfun$apply$1(SimpleTraverser.scala:5)
	at scala.meta.transversers.SimpleTraverser.$anonfun$apply$1$adapted(SimpleTraverser.scala:5)
	at scala.collection.immutable.List.foreach(List.scala:392)
	at scala.meta.transversers.SimpleTraverser.apply(SimpleTraverser.scala:5)
	at scala.meta.internal.metals.DocumentSymbolProvider$SymbolTraverser.continue$1(DocumentSymbolProvider.scala:88)
	at scala.meta.internal.metals.DocumentSymbolProvider$SymbolTraverser.apply(DocumentSymbolProvider.scala:109)
	at scala.meta.transversers.SimpleTraverser.$anonfun$apply$1(SimpleTraverser.scala:5)
	at scala.meta.transversers.SimpleTraverser.$anonfun$apply$1$adapted(SimpleTraverser.scala:5)
	at scala.collection.immutable.List.foreach(List.scala:392)
	at scala.meta.transversers.SimpleTraverser.apply(SimpleTraverser.scala:5)
	at scala.meta.internal.metals.DocumentSymbolProvider$SymbolTraverser.continue$1(DocumentSymbolProvider.scala:88)
	at scala.meta.internal.metals.DocumentSymbolProvider$SymbolTraverser.newOwner$1(DocumentSymbolProvider.scala:92)
	at scala.meta.internal.metals.DocumentSymbolProvider$SymbolTraverser.apply(DocumentSymbolProvider.scala:136)
	at scala.meta.transversers.SimpleTraverser.$anonfun$apply$1(SimpleTraverser.scala:5)
	at scala.meta.transversers.SimpleTraverser.$anonfun$apply$1$adapted(SimpleTraverser.scala:5)
	at scala.collection.immutable.List.foreach(List.scala:392)
	at scala.meta.transversers.SimpleTraverser.apply(SimpleTraverser.scala:5)
	at scala.meta.internal.metals.DocumentSymbolProvider$SymbolTraverser.continue$1(DocumentSymbolProvider.scala:88)
	at scala.meta.internal.metals.DocumentSymbolProvider$SymbolTraverser.apply(DocumentSymbolProvider.scala:109)
	at scala.meta.internal.metals.DocumentSymbolProvider$SymbolTraverser.symbols(DocumentSymbolProvider.scala:40)
	at scala.meta.internal.metals.DocumentSymbolProvider.documentSymbols(DocumentSymbolProvider.scala:24)
	at scala.meta.internal.metals.MetalsLanguageServer.documentSymbolResult(MetalsLanguageServer.scala:1657)
	at scala.meta.internal.metals.MetalsLanguageServer.$anonfun$documentSymbol$1(MetalsLanguageServer.scala:830)
	at scala.meta.internal.metals.CancelTokens$.$anonfun$apply$2(CancelTokens.scala:24)
	at scala.concurrent.Future$.$anonfun$apply$1(Future.scala:659)
	at scala.util.Success.$anonfun$map$1(Try.scala:255)
	at scala.util.Success.map(Try.scala:213)
	at scala.concurrent.Future.$anonfun$map$1(Future.scala:292)
	at scala.concurrent.impl.Promise.liftedTree1$1(Promise.scala:33)
	at scala.concurrent.impl.Promise.$anonfun$transform$1(Promise.scala:33)
	... 4 more

Sep 13, 2019 10:35:11 PM org.eclipse.lsp4j.jsonrpc.RemoteEndpoint fallbackResponseError
SEVERE: Internal error: org.scalameta.invariants.InvariantFailedException: invariant failed:
when verifying og.categories.intersect[String](ig.categories).nonEmpty
found that og.categories.intersect[String](ig.categories).nonEmpty is false
where ig = Literal
where og = Typ
java.util.concurrent.CompletionException: org.scalameta.invariants.InvariantFailedException: invariant failed:
when verifying og.categories.intersect[String](ig.categories).nonEmpty
found that og.categories.intersect[String](ig.categories).nonEmpty is false
where ig = Literal
where og = Typ
	at java.base/java.util.concurrent.CompletableFuture.encodeThrowable(CompletableFuture.java:331)
	at java.base/java.util.concurrent.CompletableFuture.completeThrowable(CompletableFuture.java:346)
	at java.base/java.util.concurrent.CompletableFuture$UniAccept.tryFire(CompletableFuture.java:704)
	at java.base/java.util.concurrent.CompletableFuture.postComplete(CompletableFuture.java:506)
	at java.base/java.util.concurrent.CompletableFuture.completeExceptionally(CompletableFuture.java:2088)
	at scala.meta.internal.metals.CancelTokens$.$anonfun$future$1(CancelTokens.scala:38)
	at scala.meta.internal.metals.CancelTokens$.$anonfun$future$1$adapted(CancelTokens.scala:36)
	at scala.concurrent.impl.CallbackRunnable.run(Promise.scala:64)
	at java.base/java.util.concurrent.ThreadPoolExecutor.runWorker(ThreadPoolExecutor.java:1128)
	at java.base/java.util.concurrent.ThreadPoolExecutor$Worker.run(ThreadPoolExecutor.java:628)
	at java.base/java.lang.Thread.run(Thread.java:834)
Caused by: org.scalameta.invariants.InvariantFailedException: invariant failed:
when verifying og.categories.intersect[String](ig.categories).nonEmpty
found that og.categories.intersect[String](ig.categories).nonEmpty is false
where ig = Literal
where og = Typ
	at org.scalameta.invariants.InvariantFailedException$.raise(Exceptions.scala:15)
	at scala.meta.internal.prettyprinters.TreeSyntax$SyntaxInstances.groupNeedsParens$1(TreeSyntax.scala:95)
	at scala.meta.internal.prettyprinters.TreeSyntax$SyntaxInstances.p(TreeSyntax.scala:107)
	at scala.meta.internal.prettyprinters.TreeSyntax$SyntaxInstances.$anonfun$syntaxTree$27(TreeSyntax.scala:408)
	at scala.collection.immutable.List.map(List.scala:286)
	at scala.meta.internal.prettyprinters.TreeSyntax$SyntaxInstances.$anonfun$syntaxTree$1(TreeSyntax.scala:408)
	at scala.meta.prettyprinters.Syntax$$anon$1.apply(Syntax.scala:9)
	at scala.meta.internal.prettyprinters.TreeSyntax$.$anonfun$apply$1(TreeSyntax.scala:718)
	at scala.meta.prettyprinters.Syntax$$anon$1.apply(Syntax.scala:9)
	at scala.meta.prettyprinters.Api$XtensionSyntax.syntax(Api.scala:11)
	at scala.meta.internal.metals.DocumentSymbolProvider$SymbolTraverser.$anonfun$apply$1(DocumentSymbolProvider.scala:102)
	at scala.collection.immutable.List.map(List.scala:286)
	at scala.meta.internal.metals.DocumentSymbolProvider$SymbolTraverser.apply(DocumentSymbolProvider.scala:102)
	at scala.meta.transversers.SimpleTraverser.$anonfun$apply$1(SimpleTraverser.scala:5)
	at scala.meta.transversers.SimpleTraverser.$anonfun$apply$1$adapted(SimpleTraverser.scala:5)
	at scala.collection.immutable.List.foreach(List.scala:392)
	at scala.meta.transversers.SimpleTraverser.apply(SimpleTraverser.scala:5)
	at scala.meta.internal.metals.DocumentSymbolProvider$SymbolTraverser.continue$1(DocumentSymbolProvider.scala:88)
	at scala.meta.internal.metals.DocumentSymbolProvider$SymbolTraverser.newOwner$1(DocumentSymbolProvider.scala:92)
	at scala.meta.internal.metals.DocumentSymbolProvider$SymbolTraverser.apply(DocumentSymbolProvider.scala:187)
	at scala.meta.transversers.SimpleTraverser.$anonfun$apply$1(SimpleTraverser.scala:5)
	at scala.meta.transversers.SimpleTraverser.$anonfun$apply$1$adapted(SimpleTraverser.scala:5)
	at scala.collection.immutable.List.foreach(List.scala:392)
	at scala.meta.transversers.SimpleTraverser.apply(SimpleTraverser.scala:5)
	at scala.meta.internal.metals.DocumentSymbolProvider$SymbolTraverser.continue$1(DocumentSymbolProvider.scala:88)
	at scala.meta.internal.metals.DocumentSymbolProvider$SymbolTraverser.apply(DocumentSymbolProvider.scala:109)
	at scala.meta.transversers.SimpleTraverser.$anonfun$apply$1(SimpleTraverser.scala:5)
	at scala.meta.transversers.SimpleTraverser.$anonfun$apply$1$adapted(SimpleTraverser.scala:5)
	at scala.collection.immutable.List.foreach(List.scala:392)
	at scala.meta.transversers.SimpleTraverser.apply(SimpleTraverser.scala:5)
	at scala.meta.internal.metals.DocumentSymbolProvider$SymbolTraverser.continue$1(DocumentSymbolProvider.scala:88)
	at scala.meta.internal.metals.DocumentSymbolProvider$SymbolTraverser.newOwner$1(DocumentSymbolProvider.scala:92)
	at scala.meta.internal.metals.DocumentSymbolProvider$SymbolTraverser.apply(DocumentSymbolProvider.scala:154)
	at scala.meta.transversers.SimpleTraverser.$anonfun$apply$1(SimpleTraverser.scala:5)
	at scala.meta.transversers.SimpleTraverser.$anonfun$apply$1$adapted(SimpleTraverser.scala:5)
	at scala.collection.immutable.List.foreach(List.scala:392)
	at scala.meta.transversers.SimpleTraverser.apply(SimpleTraverser.scala:5)
	at scala.meta.internal.metals.DocumentSymbolProvider$SymbolTraverser.continue$1(DocumentSymbolProvider.scala:88)
	at scala.meta.internal.metals.DocumentSymbolProvider$SymbolTraverser.apply(DocumentSymbolProvider.scala:109)
	at scala.meta.transversers.SimpleTraverser.$anonfun$apply$1(SimpleTraverser.scala:5)
	at scala.meta.transversers.SimpleTraverser.$anonfun$apply$1$adapted(SimpleTraverser.scala:5)
	at scala.collection.immutable.List.foreach(List.scala:392)
	at scala.meta.transversers.SimpleTraverser.apply(SimpleTraverser.scala:5)
	at scala.meta.internal.metals.DocumentSymbolProvider$SymbolTraverser.continue$1(DocumentSymbolProvider.scala:88)
	at scala.meta.internal.metals.DocumentSymbolProvider$SymbolTraverser.newOwner$1(DocumentSymbolProvider.scala:92)
	at scala.meta.internal.metals.DocumentSymbolProvider$SymbolTraverser.apply(DocumentSymbolProvider.scala:136)
	at scala.meta.transversers.SimpleTraverser.$anonfun$apply$1(SimpleTraverser.scala:5)
	at scala.meta.transversers.SimpleTraverser.$anonfun$apply$1$adapted(SimpleTraverser.scala:5)
	at scala.collection.immutable.List.foreach(List.scala:392)
	at scala.meta.transversers.SimpleTraverser.apply(SimpleTraverser.scala:5)
	at scala.meta.internal.metals.DocumentSymbolProvider$SymbolTraverser.continue$1(DocumentSymbolProvider.scala:88)
	at scala.meta.internal.metals.DocumentSymbolProvider$SymbolTraverser.apply(DocumentSymbolProvider.scala:109)
	at scala.meta.internal.metals.DocumentSymbolProvider$SymbolTraverser.symbols(DocumentSymbolProvider.scala:40)
	at scala.meta.internal.metals.DocumentSymbolProvider.documentSymbols(DocumentSymbolProvider.scala:24)
	at scala.meta.internal.metals.MetalsLanguageServer.documentSymbolResult(MetalsLanguageServer.scala:1657)
	at scala.meta.internal.metals.MetalsLanguageServer.$anonfun$documentSymbol$1(MetalsLanguageServer.scala:830)
	at scala.meta.internal.metals.CancelTokens$.$anonfun$apply$2(CancelTokens.scala:24)
	at scala.concurrent.Future$.$anonfun$apply$1(Future.scala:659)
	at scala.util.Success.$anonfun$map$1(Try.scala:255)
	at scala.util.Success.map(Try.scala:213)
	at scala.concurrent.Future.$anonfun$map$1(Future.scala:292)
	at scala.concurrent.impl.Promise.liftedTree1$1(Promise.scala:33)
	at scala.concurrent.impl.Promise.$anonfun$transform$1(Promise.scala:33)
	... 4 more

Sep 13, 2019 10:35:13 PM org.eclipse.lsp4j.jsonrpc.RemoteEndpoint fallbackResponseError
SEVERE: Internal error: org.scalameta.invariants.InvariantFailedException: invariant failed:
when verifying og.categories.intersect[String](ig.categories).nonEmpty
found that og.categories.intersect[String](ig.categories).nonEmpty is false
where ig = Literal
where og = Typ
java.util.concurrent.CompletionException: org.scalameta.invariants.InvariantFailedException: invariant failed:
when verifying og.categories.intersect[String](ig.categories).nonEmpty
found that og.categories.intersect[String](ig.categories).nonEmpty is false
where ig = Literal
where og = Typ
	at java.base/java.util.concurrent.CompletableFuture.encodeThrowable(CompletableFuture.java:331)
	at java.base/java.util.concurrent.CompletableFuture.completeThrowable(CompletableFuture.java:346)
	at java.base/java.util.concurrent.CompletableFuture$UniAccept.tryFire(CompletableFuture.java:704)
	at java.base/java.util.concurrent.CompletableFuture.postComplete(CompletableFuture.java:506)
	at java.base/java.util.concurrent.CompletableFuture.completeExceptionally(CompletableFuture.java:2088)
	at scala.meta.internal.metals.CancelTokens$.$anonfun$future$1(CancelTokens.scala:38)
	at scala.meta.internal.metals.CancelTokens$.$anonfun$future$1$adapted(CancelTokens.scala:36)
	at scala.concurrent.impl.CallbackRunnable.run(Promise.scala:64)
	at java.base/java.util.concurrent.ThreadPoolExecutor.runWorker(ThreadPoolExecutor.java:1128)
	at java.base/java.util.concurrent.ThreadPoolExecutor$Worker.run(ThreadPoolExecutor.java:628)
	at java.base/java.lang.Thread.run(Thread.java:834)
Caused by: org.scalameta.invariants.InvariantFailedException: invariant failed:
when verifying og.categories.intersect[String](ig.categories).nonEmpty
found that og.categories.intersect[String](ig.categories).nonEmpty is false
where ig = Literal
where og = Typ
	at org.scalameta.invariants.InvariantFailedException$.raise(Exceptions.scala:15)
	at scala.meta.internal.prettyprinters.TreeSyntax$SyntaxInstances.groupNeedsParens$1(TreeSyntax.scala:95)
	at scala.meta.internal.prettyprinters.TreeSyntax$SyntaxInstances.p(TreeSyntax.scala:107)
	at scala.meta.internal.prettyprinters.TreeSyntax$SyntaxInstances.$anonfun$syntaxTree$27(TreeSyntax.scala:408)
	at scala.collection.immutable.List.map(List.scala:286)
	at scala.meta.internal.prettyprinters.TreeSyntax$SyntaxInstances.$anonfun$syntaxTree$1(TreeSyntax.scala:408)
	at scala.meta.prettyprinters.Syntax$$anon$1.apply(Syntax.scala:9)
	at scala.meta.internal.prettyprinters.TreeSyntax$.$anonfun$apply$1(TreeSyntax.scala:718)
	at scala.meta.prettyprinters.Syntax$$anon$1.apply(Syntax.scala:9)
	at scala.meta.prettyprinters.Api$XtensionSyntax.syntax(Api.scala:11)
	at scala.meta.internal.metals.DocumentSymbolProvider$SymbolTraverser.$anonfun$apply$1(DocumentSymbolProvider.scala:102)
	at scala.collection.immutable.List.map(List.scala:286)
	at scala.meta.internal.metals.DocumentSymbolProvider$SymbolTraverser.apply(DocumentSymbolProvider.scala:102)
	at scala.meta.transversers.SimpleTraverser.$anonfun$apply$1(SimpleTraverser.scala:5)
	at scala.meta.transversers.SimpleTraverser.$anonfun$apply$1$adapted(SimpleTraverser.scala:5)
	at scala.collection.immutable.List.foreach(List.scala:392)
	at scala.meta.transversers.SimpleTraverser.apply(SimpleTraverser.scala:5)
	at scala.meta.internal.metals.DocumentSymbolProvider$SymbolTraverser.continue$1(DocumentSymbolProvider.scala:88)
	at scala.meta.internal.metals.DocumentSymbolProvider$SymbolTraverser.newOwner$1(DocumentSymbolProvider.scala:92)
	at scala.meta.internal.metals.DocumentSymbolProvider$SymbolTraverser.apply(DocumentSymbolProvider.scala:187)
	at scala.meta.transversers.SimpleTraverser.$anonfun$apply$1(SimpleTraverser.scala:5)
	at scala.meta.transversers.SimpleTraverser.$anonfun$apply$1$adapted(SimpleTraverser.scala:5)
	at scala.collection.immutable.List.foreach(List.scala:392)
	at scala.meta.transversers.SimpleTraverser.apply(SimpleTraverser.scala:5)
	at scala.meta.internal.metals.DocumentSymbolProvider$SymbolTraverser.continue$1(DocumentSymbolProvider.scala:88)
	at scala.meta.internal.metals.DocumentSymbolProvider$SymbolTraverser.apply(DocumentSymbolProvider.scala:109)
	at scala.meta.transversers.SimpleTraverser.$anonfun$apply$1(SimpleTraverser.scala:5)
	at scala.meta.transversers.SimpleTraverser.$anonfun$apply$1$adapted(SimpleTraverser.scala:5)
	at scala.collection.immutable.List.foreach(List.scala:392)
	at scala.meta.transversers.SimpleTraverser.apply(SimpleTraverser.scala:5)
	at scala.meta.internal.metals.DocumentSymbolProvider$SymbolTraverser.continue$1(DocumentSymbolProvider.scala:88)
	at scala.meta.internal.metals.DocumentSymbolProvider$SymbolTraverser.newOwner$1(DocumentSymbolProvider.scala:92)
	at scala.meta.internal.metals.DocumentSymbolProvider$SymbolTraverser.apply(DocumentSymbolProvider.scala:154)
	at scala.meta.transversers.SimpleTraverser.$anonfun$apply$1(SimpleTraverser.scala:5)
	at scala.meta.transversers.SimpleTraverser.$anonfun$apply$1$adapted(SimpleTraverser.scala:5)
	at scala.collection.immutable.List.foreach(List.scala:392)
	at scala.meta.transversers.SimpleTraverser.apply(SimpleTraverser.scala:5)
	at scala.meta.internal.metals.DocumentSymbolProvider$SymbolTraverser.continue$1(DocumentSymbolProvider.scala:88)
	at scala.meta.internal.metals.DocumentSymbolProvider$SymbolTraverser.apply(DocumentSymbolProvider.scala:109)
	at scala.meta.transversers.SimpleTraverser.$anonfun$apply$1(SimpleTraverser.scala:5)
	at scala.meta.transversers.SimpleTraverser.$anonfun$apply$1$adapted(SimpleTraverser.scala:5)
	at scala.collection.immutable.List.foreach(List.scala:392)
	at scala.meta.transversers.SimpleTraverser.apply(SimpleTraverser.scala:5)
	at scala.meta.internal.metals.DocumentSymbolProvider$SymbolTraverser.continue$1(DocumentSymbolProvider.scala:88)
	at scala.meta.internal.metals.DocumentSymbolProvider$SymbolTraverser.newOwner$1(DocumentSymbolProvider.scala:92)
	at scala.meta.internal.metals.DocumentSymbolProvider$SymbolTraverser.apply(DocumentSymbolProvider.scala:136)
	at scala.meta.transversers.SimpleTraverser.$anonfun$apply$1(SimpleTraverser.scala:5)
	at scala.meta.transversers.SimpleTraverser.$anonfun$apply$1$adapted(SimpleTraverser.scala:5)
	at scala.collection.immutable.List.foreach(List.scala:392)
	at scala.meta.transversers.SimpleTraverser.apply(SimpleTraverser.scala:5)
	at scala.meta.internal.metals.DocumentSymbolProvider$SymbolTraverser.continue$1(DocumentSymbolProvider.scala:88)
	at scala.meta.internal.metals.DocumentSymbolProvider$SymbolTraverser.apply(DocumentSymbolProvider.scala:109)
	at scala.meta.internal.metals.DocumentSymbolProvider$SymbolTraverser.symbols(DocumentSymbolProvider.scala:40)
	at scala.meta.internal.metals.DocumentSymbolProvider.documentSymbols(DocumentSymbolProvider.scala:24)
	at scala.meta.internal.metals.MetalsLanguageServer.documentSymbolResult(MetalsLanguageServer.scala:1657)
	at scala.meta.internal.metals.MetalsLanguageServer.$anonfun$documentSymbol$1(MetalsLanguageServer.scala:830)
	at scala.meta.internal.metals.CancelTokens$.$anonfun$apply$2(CancelTokens.scala:24)
	at scala.concurrent.Future$.$anonfun$apply$1(Future.scala:659)
	at scala.util.Success.$anonfun$map$1(Try.scala:255)
	at scala.util.Success.map(Try.scala:213)
	at scala.concurrent.Future.$anonfun$map$1(Future.scala:292)
	at scala.concurrent.impl.Promise.liftedTree1$1(Promise.scala:33)
	at scala.concurrent.impl.Promise.$anonfun$transform$1(Promise.scala:33)
	... 4 more

WARN  no build target: /home/levi/Projects/fp-scala/chapter3/Main.scala
Sep 13, 2019 10:35:14 PM org.eclipse.lsp4j.jsonrpc.RemoteEndpoint fallbackResponseError
SEVERE: Internal error: org.scalameta.invariants.InvariantFailedException: invariant failed:
when verifying og.categories.intersect[String](ig.categories).nonEmpty
found that og.categories.intersect[String](ig.categories).nonEmpty is false
where ig = Literal
where og = Typ
java.util.concurrent.CompletionException: org.scalameta.invariants.InvariantFailedException: invariant failed:
when verifying og.categories.intersect[String](ig.categories).nonEmpty
found that og.categories.intersect[String](ig.categories).nonEmpty is false
where ig = Literal
where og = Typ
	at java.base/java.util.concurrent.CompletableFuture.encodeThrowable(CompletableFuture.java:331)
	at java.base/java.util.concurrent.CompletableFuture.completeThrowable(CompletableFuture.java:346)
	at java.base/java.util.concurrent.CompletableFuture$UniAccept.tryFire(CompletableFuture.java:704)
	at java.base/java.util.concurrent.CompletableFuture.postComplete(CompletableFuture.java:506)
	at java.base/java.util.concurrent.CompletableFuture.completeExceptionally(CompletableFuture.java:2088)
	at scala.meta.internal.metals.CancelTokens$.$anonfun$future$1(CancelTokens.scala:38)
	at scala.meta.internal.metals.CancelTokens$.$anonfun$future$1$adapted(CancelTokens.scala:36)
	at scala.concurrent.impl.CallbackRunnable.run(Promise.scala:64)
	at java.base/java.util.concurrent.ThreadPoolExecutor.runWorker(ThreadPoolExecutor.java:1128)
	at java.base/java.util.concurrent.ThreadPoolExecutor$Worker.run(ThreadPoolExecutor.java:628)
	at java.base/java.lang.Thread.run(Thread.java:834)
Caused by: org.scalameta.invariants.InvariantFailedException: invariant failed:
when verifying og.categories.intersect[String](ig.categories).nonEmpty
found that og.categories.intersect[String](ig.categories).nonEmpty is false
where ig = Literal
where og = Typ
	at org.scalameta.invariants.InvariantFailedException$.raise(Exceptions.scala:15)
	at scala.meta.internal.prettyprinters.TreeSyntax$SyntaxInstances.groupNeedsParens$1(TreeSyntax.scala:95)
	at scala.meta.internal.prettyprinters.TreeSyntax$SyntaxInstances.p(TreeSyntax.scala:107)
	at scala.meta.internal.prettyprinters.TreeSyntax$SyntaxInstances.$anonfun$syntaxTree$27(TreeSyntax.scala:408)
	at scala.collection.immutable.List.map(List.scala:286)
	at scala.meta.internal.prettyprinters.TreeSyntax$SyntaxInstances.$anonfun$syntaxTree$1(TreeSyntax.scala:408)
	at scala.meta.prettyprinters.Syntax$$anon$1.apply(Syntax.scala:9)
	at scala.meta.internal.prettyprinters.TreeSyntax$.$anonfun$apply$1(TreeSyntax.scala:718)
	at scala.meta.prettyprinters.Syntax$$anon$1.apply(Syntax.scala:9)
	at scala.meta.prettyprinters.Api$XtensionSyntax.syntax(Api.scala:11)
	at scala.meta.internal.metals.DocumentSymbolProvider$SymbolTraverser.$anonfun$apply$1(DocumentSymbolProvider.scala:102)
	at scala.collection.immutable.List.map(List.scala:286)
	at scala.meta.internal.metals.DocumentSymbolProvider$SymbolTraverser.apply(DocumentSymbolProvider.scala:102)
	at scala.meta.transversers.SimpleTraverser.$anonfun$apply$1(SimpleTraverser.scala:5)
	at scala.meta.transversers.SimpleTraverser.$anonfun$apply$1$adapted(SimpleTraverser.scala:5)
	at scala.collection.immutable.List.foreach(List.scala:392)
	at scala.meta.transversers.SimpleTraverser.apply(SimpleTraverser.scala:5)
	at scala.meta.internal.metals.DocumentSymbolProvider$SymbolTraverser.continue$1(DocumentSymbolProvider.scala:88)
	at scala.meta.internal.metals.DocumentSymbolProvider$SymbolTraverser.newOwner$1(DocumentSymbolProvider.scala:92)
	at scala.meta.internal.metals.DocumentSymbolProvider$SymbolTraverser.apply(DocumentSymbolProvider.scala:187)
	at scala.meta.transversers.SimpleTraverser.$anonfun$apply$1(SimpleTraverser.scala:5)
	at scala.meta.transversers.SimpleTraverser.$anonfun$apply$1$adapted(SimpleTraverser.scala:5)
	at scala.collection.immutable.List.foreach(List.scala:392)
	at scala.meta.transversers.SimpleTraverser.apply(SimpleTraverser.scala:5)
	at scala.meta.internal.metals.DocumentSymbolProvider$SymbolTraverser.continue$1(DocumentSymbolProvider.scala:88)
	at scala.meta.internal.metals.DocumentSymbolProvider$SymbolTraverser.apply(DocumentSymbolProvider.scala:109)
	at scala.meta.transversers.SimpleTraverser.$anonfun$apply$1(SimpleTraverser.scala:5)
	at scala.meta.transversers.SimpleTraverser.$anonfun$apply$1$adapted(SimpleTraverser.scala:5)
	at scala.collection.immutable.List.foreach(List.scala:392)
	at scala.meta.transversers.SimpleTraverser.apply(SimpleTraverser.scala:5)
	at scala.meta.internal.metals.DocumentSymbolProvider$SymbolTraverser.continue$1(DocumentSymbolProvider.scala:88)
	at scala.meta.internal.metals.DocumentSymbolProvider$SymbolTraverser.newOwner$1(DocumentSymbolProvider.scala:92)
	at scala.meta.internal.metals.DocumentSymbolProvider$SymbolTraverser.apply(DocumentSymbolProvider.scala:154)
	at scala.meta.transversers.SimpleTraverser.$anonfun$apply$1(SimpleTraverser.scala:5)
	at scala.meta.transversers.SimpleTraverser.$anonfun$apply$1$adapted(SimpleTraverser.scala:5)
	at scala.collection.immutable.List.foreach(List.scala:392)
	at scala.meta.transversers.SimpleTraverser.apply(SimpleTraverser.scala:5)
	at scala.meta.internal.metals.DocumentSymbolProvider$SymbolTraverser.continue$1(DocumentSymbolProvider.scala:88)
	at scala.meta.internal.metals.DocumentSymbolProvider$SymbolTraverser.apply(DocumentSymbolProvider.scala:109)
	at scala.meta.transversers.SimpleTraverser.$anonfun$apply$1(SimpleTraverser.scala:5)
	at scala.meta.transversers.SimpleTraverser.$anonfun$apply$1$adapted(SimpleTraverser.scala:5)
	at scala.collection.immutable.List.foreach(List.scala:392)
	at scala.meta.transversers.SimpleTraverser.apply(SimpleTraverser.scala:5)
	at scala.meta.internal.metals.DocumentSymbolProvider$SymbolTraverser.continue$1(DocumentSymbolProvider.scala:88)
	at scala.meta.internal.metals.DocumentSymbolProvider$SymbolTraverser.newOwner$1(DocumentSymbolProvider.scala:92)
	at scala.meta.internal.metals.DocumentSymbolProvider$SymbolTraverser.apply(DocumentSymbolProvider.scala:136)
	at scala.meta.transversers.SimpleTraverser.$anonfun$apply$1(SimpleTraverser.scala:5)
	at scala.meta.transversers.SimpleTraverser.$anonfun$apply$1$adapted(SimpleTraverser.scala:5)
	at scala.collection.immutable.List.foreach(List.scala:392)
	at scala.meta.transversers.SimpleTraverser.apply(SimpleTraverser.scala:5)
	at scala.meta.internal.metals.DocumentSymbolProvider$SymbolTraverser.continue$1(DocumentSymbolProvider.scala:88)
	at scala.meta.internal.metals.DocumentSymbolProvider$SymbolTraverser.apply(DocumentSymbolProvider.scala:109)
	at scala.meta.internal.metals.DocumentSymbolProvider$SymbolTraverser.symbols(DocumentSymbolProvider.scala:40)
	at scala.meta.internal.metals.DocumentSymbolProvider.documentSymbols(DocumentSymbolProvider.scala:24)
	at scala.meta.internal.metals.MetalsLanguageServer.documentSymbolResult(MetalsLanguageServer.scala:1657)
	at scala.meta.internal.metals.MetalsLanguageServer.$anonfun$documentSymbol$1(MetalsLanguageServer.scala:830)
	at scala.meta.internal.metals.CancelTokens$.$anonfun$apply$2(CancelTokens.scala:24)
	at scala.concurrent.Future$.$anonfun$apply$1(Future.scala:659)
	at scala.util.Success.$anonfun$map$1(Try.scala:255)
	at scala.util.Success.map(Try.scala:213)
	at scala.concurrent.Future.$anonfun$map$1(Future.scala:292)
	at scala.concurrent.impl.Promise.liftedTree1$1(Promise.scala:33)
	at scala.concurrent.impl.Promise.$anonfun$transform$1(Promise.scala:33)
	... 4 more

WARN  no build target: /home/levi/Projects/fp-scala/chapter3/Main.scala
WARN  no build target: /home/levi/Projects/fp-scala/chapter3/Main.scala
WARN  no build target: /home/levi/Projects/fp-scala/chapter3/Main.scala
WARN  no build target: /home/levi/Projects/fp-scala/chapter3/Main.scala
WARN  no build target: /home/levi/Projects/fp-scala/chapter2/main.scala
WARN  no build target: /home/levi/Projects/fp-scala/chapter3/Main.scala
WARN  no build target: /home/levi/Projects/fp-scala/chapter3/Main.scala
ERROR scalafmt: /home/levi/Projects/fp-scala/chapter3/Main.scala:1: error: ; expected but identifier found
import List._\
             ^
WARN  no build target: /home/levi/Projects/fp-scala/chapter3/Main.scala
WARN  no build target: /home/levi/Projects/fp-scala/chapter3/Main.scala
WARN  no build target: /home/levi/Projects/fp-scala/chapter3/Main.scala
WARN  no build target: /home/levi/Projects/fp-scala/chapter3/Main.scala
WARN  no build target: /home/levi/Projects/fp-scala/chapter3/Main.scala
WARN  no build target: /home/levi/Projects/fp-scala/chapter3/Main.scala
WARN  no build target: /home/levi/Projects/fp-scala/chapter3/Main.scala
WARN  no build target: /home/levi/Projects/fp-scala/chapter3/List.scala
WARN  no build target: /home/levi/Projects/fp-scala/chapter3/List.scala
WARN  no build target: /home/levi/Projects/fp-scala/chapter3/List.scala
WARN  no build target: /home/levi/Projects/fp-scala/chapter3/List.scala
WARN  no build target: /home/levi/Projects/fp-scala/chapter3/List.scala
WARN  no build target: /home/levi/Projects/fp-scala/chapter3/Main.scala
WARN  no build target: /home/levi/Projects/fp-scala/chapter3/Main.scala
WARN  no build target: /home/levi/Projects/fp-scala/chapter3/Main.scala
WARN  no build target: /home/levi/Projects/fp-scala/chapter3/Main.scala
WARN  no build target: /home/levi/Projects/fp-scala/chapter2/main.scala
WARN  no build target: /home/levi/Projects/fp-scala/chapter3/Main.scala
WARN  no build target: /home/levi/Projects/fp-scala/chapter3/Main.scala
Sep 13, 2019 10:45:04 PM scala.meta.internal.pc.CompletionProvider expected$1
WARNING: offset 154, count -1, length 168
WARN  no build target: /home/levi/Projects/fp-scala/chapter3/Main.scala
WARN  no build target: /home/levi/Projects/fp-scala/chapter3/List.scala
WARN  no build target: /home/levi/Projects/fp-scala/chapter3/Main.scala
WARN  no build target: /home/levi/Projects/fp-scala/chapter3/Main.scala
WARN  no build target: /home/levi/Projects/fp-scala/chapter3/Main.scala
ERROR scalafmt: /home/levi/Projects/fp-scala/chapter3/Main.scala:2: error: . expected but \n\n found

^
WARN  no build target: /home/levi/Projects/fp-scala/chapter3/Main.scala
WARN  no build target: /home/levi/Projects/fp-scala/chapter3/Main.scala
WARN  no build target: /home/levi/Projects/fp-scala/chapter3/Main.scala
Sep 13, 2019 10:48:15 PM org.eclipse.lsp4j.jsonrpc.services.GenericEndpoint notify
INFO: Unsupported notification method: $/setTraceNotification
Sep 13, 2019 10:48:17 PM org.eclipse.lsp4j.jsonrpc.services.GenericEndpoint notify
INFO: Unsupported notification method: $/setTraceNotification
something's wrong: no file:///home/levi/Projects/fp-scala/chapter3/List.scala in fpinscala.datastructure.List[<error>]RangePosition(file:///home/levi/Projects/fp-scala/chapter3/List.scala, 556, 556, 563)
ERROR scalafmt: /home/levi/Projects/fp-scala/chapter3/List.scala:23: error: identifier expected but ] found
  def tail(ds: List[+A]): List[+A] = ds match {
                      ^
WARN  no build target: /home/levi/Projects/fp-scala/chapter3/List.scala
WARN  no build target: /home/levi/Projects/fp-scala/chapter3/List.scala
WARN  no build target: /home/levi/Projects/fp-scala/chapter3/List.scala
WARN  no build target: /home/levi/Projects/fp-scala/chapter2/isSorted.scala
WARN  no build target: /home/levi/Projects/fp-scala/chapter2/fib.scala
WARN  no build target: /home/levi/Projects/fp-scala/chapter2/main.scala
WARN  no build target: /home/levi/Projects/fp-scala/chapter3/Main.scala
WARN  no build target: /home/levi/Projects/fp-scala/chapter3/Main.scala
WARN  no build target: /home/levi/Projects/fp-scala/chapter3/Main.scala
Sep 13, 2019 10:50:12 PM scala.meta.internal.pc.CompilerAccess handleError
SEVERE: null
java.lang.NullPointerException
	at scala.meta.internal.pc.HoverProvider.seenFromType(HoverProvider.scala:106)
	at scala.meta.internal.pc.HoverProvider.hover(HoverProvider.scala:42)

WARN  no build target: /home/levi/Projects/fp-scala/chapter3/Main.scala
WARN  no build target: /home/levi/Projects/fp-scala/chapter3/Main.scala
WARN  no build target: /home/levi/Projects/fp-scala/chapter3/Main.scala
WARN  no build target: /home/levi/Projects/fp-scala/chapter3/Main.scala
something's wrong: no file:///home/levi/Projects/fp-scala/chapter3/List.scala in fpinscala.datastructure.List[Double]RangePosition(file:///home/levi/Projects/fp-scala/chapter3/List.scala, 300, 300, 312)
ERROR scalafmt: /home/levi/Projects/fp-scala/chapter3/Main.scala:1: error: identifier expected but string constant found
import "./List"._
       ^
WARN  no build target: /home/levi/Projects/fp-scala/chapter3/Main.scala
ERROR scalafmt: /home/levi/Projects/fp-scala/chapter3/Main.scala:1: error: identifier expected but string constant found
import "./List"
       ^
WARN  no build target: /home/levi/Projects/fp-scala/chapter3/Main.scala
WARN  no build target: /home/levi/Projects/fp-scala/chapter3/Main.scala
WARN  no build target: /home/levi/Projects/fp-scala/chapter3/Main.scala
WARN  no build target: /home/levi/Projects/fp-scala/chapter3/Main.scala
WARN  no build target: /home/levi/Projects/fp-scala/chapter3/Main.scala
Sep 13, 2019 10:55:12 PM scala.meta.internal.pc.CompletionProvider expected$1
WARNING: offset 223, count -1, length 237
WARN  no build target: /home/levi/Projects/fp-scala/chapter3/Main.scala
WARN  no build target: /home/levi/Projects/fp-scala/chapter3/Main.scala
INFO  shutting down Metals
INFO  time: initialize in 1.27s
WARN  no build tool detected in workspace '/home/levi/Projects/fp-scala'. The most common cause for this problem is that the editor was opened in the wrong working directory, for example if you use sbt then the workspace directory should contain build.sbt. 
WARN  no build target: /home/levi/Projects/fp-scala/chapter3/List.scala
INFO  shutting down Metals
INFO  time: initialize in 0.9s
WARN  no build tool detected in workspace '/home/levi/Projects/fp-scala'. The most common cause for this problem is that the editor was opened in the wrong working directory, for example if you use sbt then the workspace directory should contain build.sbt. 
WARN  no build target: /home/levi/Projects/fp-scala/chapter3/List.scala
INFO  no build target: using presentation compiler with only scala-library
Sep 19, 2019 10:20:08 PM scala.meta.internal.pc.CompilerAccess retryWithCleanCompiler
INFO: compiler crashed due to an error in the Scala compiler, retrying with new compiler instance.
Sep 19, 2019 10:20:08 PM scala.meta.internal.pc.CompilerAccess handleError
SEVERE: null
java.lang.NullPointerException
	at scala.reflect.internal.Definitions$DefinitionsClass.isByNameParamType(Definitions.scala:417)
	at scala.reflect.internal.TreeInfo.isStableIdent(TreeInfo.scala:137)
	at scala.reflect.internal.TreeInfo.isStableIdentifier(TreeInfo.scala:113)
	at scala.reflect.internal.TreeInfo.isPath(TreeInfo.scala:102)
	at scala.reflect.internal.TreeInfo.admitsTypeSelection(TreeInfo.scala:155)
	at scala.tools.nsc.interactive.Global.stabilizedType(Global.scala:959)
	at scala.tools.nsc.interactive.Global.typedTreeAt(Global.scala:807)
	at scala.meta.internal.pc.SignatureHelpProvider.signatureHelp(SignatureHelpProvider.scala:22)

something's wrong: no file:///home/levi/Projects/fp-scala/chapter3/List.scala in fpinscala.datastructure.List[<error>]RangePosition(file:///home/levi/Projects/fp-scala/chapter3/List.scala, 668, 668, 682)
ERROR scalafmt: /home/levi/Projects/fp-scala/chapter3/List.scala:30: error: case expected but } found
  }
  ^
WARN  no build target: /home/levi/Projects/fp-scala/chapter3/List.scala
Sep 19, 2019 10:20:36 PM org.eclipse.lsp4j.jsonrpc.RemoteEndpoint handleCancellation
WARNING: Unmatched cancel notification for request id 101
WARN  no build target: /home/levi/Projects/fp-scala/chapter3/List.scala
WARN  no build target: /home/levi/Projects/fp-scala/chapter3/List.scala
WARN  no build target: /home/levi/Projects/fp-scala/chapter3/List.scala
WARN  no build target: /home/levi/Projects/fp-scala/chapter3/List.scala
WARN  no build target: /home/levi/Projects/fp-scala/chapter3/Main.scala
WARN  no build target: /home/levi/Projects/fp-scala/chapter3/Main.scala
WARN  no build target: /home/levi/Projects/fp-scala/chapter3/List.scala
WARN  no build target: /home/levi/Projects/fp-scala/chapter3/List.scala
something's wrong: no file:///home/levi/Projects/fp-scala/chapter3/List.scala in fpinscala.datastructure.List[<error>]RangePosition(file:///home/levi/Projects/fp-scala/chapter3/List.scala, 802, 802, 816)
WARN  no build target: /home/levi/Projects/fp-scala/chapter3/List.scala
ERROR scalafmt: /home/levi/Projects/fp-scala/chapter3/List.scala:35: error: identifier expected but ] found
  ]
  ^
WARN  no build target: /home/levi/Projects/fp-scala/chapter3/List.scala
WARN  no build target: /home/levi/Projects/fp-scala/chapter3/List.scala
ERROR scalafmt: /home/levi/Projects/fp-scala/chapter3/List.scala:33: error: case expected but } found
  def drop[A](l: List[A], n: Int): List[A] = ds match {}
                                                       ^
WARN  no build target: /home/levi/Projects/fp-scala/chapter3/List.scala
WARN  no build target: /home/levi/Projects/fp-scala/chapter3/List.scala
WARN  no build target: /home/levi/Projects/fp-scala/chapter3/List.scala
WARN  no build target: /home/levi/Projects/fp-scala/chapter3/List.scala
WARN  no build target: /home/levi/Projects/fp-scala/chapter2/fib.scala
WARN  no build target: /home/levi/Projects/fp-scala/chapter3/List.scala
WARN  no build target: /home/levi/Projects/fp-scala/chapter3/List.scala
WARN  no build target: /home/levi/Projects/fp-scala/chapter2/fib.scala
WARN  no build target: /home/levi/Projects/fp-scala/chapter3/List.scala
WARN  no build target: /home/levi/Projects/fp-scala/chapter3/List.scala
WARN  no build target: /home/levi/Projects/fp-scala/chapter3/Main.scala
WARN  no build target: /home/levi/Projects/fp-scala/chapter3/Main.scala
WARN  no build target: /home/levi/Projects/fp-scala/chapter3/Main.scala
WARN  no build target: /home/levi/Projects/fp-scala/chapter3/Main.scala
something's wrong: no file:///home/levi/Projects/fp-scala/chapter3/List.scala in fpinscala.datastructure.List[<error>]RangePosition(file:///home/levi/Projects/fp-scala/chapter3/List.scala, 924, 924, 938)
ERROR scalafmt: /home/levi/Projects/fp-scala/chapter3/List.scala:39: error: illegal start of simple expression
}
^
WARN  no build target: /home/levi/Projects/fp-scala/chapter3/List.scala
WARN  no build target: /home/levi/Projects/fp-scala/chapter3/List.scala
WARN  no build target: /home/levi/Projects/fp-scala/chapter3/List.scala
WARN  no build target: /home/levi/Projects/fp-scala/chapter3/List.scala
ERROR scalafmt: /home/levi/Projects/fp-scala/chapter3/List.scala:42: error: illegal start of simple expression
  }
  ^
WARN  no build target: /home/levi/Projects/fp-scala/chapter3/List.scala
WARN  no build target: /home/levi/Projects/fp-scala/chapter3/List.scala
WARN  no build target: /home/levi/Projects/fp-scala/chapter3/List.scala
WARN  no build target: /home/levi/Projects/fp-scala/chapter3/List.scala
WARN  no build target: /home/levi/Projects/fp-scala/chapter3/List.scala
WARN  no build target: /home/levi/Projects/fp-scala/chapter3/Main.scala
WARN  no build target: /home/levi/Projects/fp-scala/chapter3/Main.scala
WARN  no build target: /home/levi/Projects/fp-scala/chapter3/Main.scala
WARN  no build target: /home/levi/Projects/fp-scala/chapter3/List.scala
ERROR scalafmt: /home/levi/Projects/fp-scala/chapter3/Main.scala:13: error: ) expected but => found
    println(List.dropWhile(og)(x: Int) => x < 4)
                                       ^
WARN  no build target: /home/levi/Projects/fp-scala/chapter3/Main.scala
ERROR scalafmt: /home/levi/Projects/fp-scala/chapter3/Main.scala:14: error: ) expected but } found
  }
  ^
WARN  no build target: /home/levi/Projects/fp-scala/chapter3/Main.scala
WARN  no build target: /home/levi/Projects/fp-scala/chapter3/Main.scala
WARN  no build target: /home/levi/Projects/fp-scala/chapter3/Main.scala
WARN  no build target: /home/levi/Projects/fp-scala/chapter3/Main.scala
WARN  no build target: /home/levi/Projects/fp-scala/chapter3/List.scala
WARN  no build target: /home/levi/Projects/fp-scala/chapter3/List.scala
WARN  no build target: /home/levi/Projects/fp-scala/chapter3/List.scala
Sep 19, 2019 10:45:16 PM scala.meta.internal.pc.CompilerAccess handleError
SEVERE: null
java.lang.NullPointerException
	at scala.meta.internal.pc.HoverProvider.seenFromType(HoverProvider.scala:106)
	at scala.meta.internal.pc.HoverProvider.hover(HoverProvider.scala:42)

WARN  no build target: /home/levi/Projects/fp-scala/chapter3/List.scala
WARN  no build target: /home/levi/Projects/fp-scala/chapter3/List.scala
WARN  no build target: /home/levi/Projects/fp-scala/chapter3/List.scala
something's wrong: no file:///home/levi/Projects/fp-scala/chapter3/Main.scala in fpinscala.datastructure.List[<error>]RangePosition(file:///home/levi/Projects/fp-scala/chapter3/Main.scala, 102, 102, 116)
WARN  no build target: /home/levi/Projects/fp-scala/chapter3/Main.scala
INFO  shutting down Metals
INFO  time: initialize in 1.13s
WARN  no build tool detected in workspace '/home/levi/Projects/fp-scala'. The most common cause for this problem is that the editor was opened in the wrong working directory, for example if you use sbt then the workspace directory should contain build.sbt. 
WARN  no build target: /home/levi/Projects/fp-scala/chapter3/List.scala
WARN  no build target: /home/levi/Projects/fp-scala/chapter2/fib.scala
WARN  no build target: /home/levi/Projects/fp-scala/chapter2/isSorted.scala
WARN  no build target: /home/levi/Projects/fp-scala/chapter2/fib.scala
WARN  no build target: /home/levi/Projects/fp-scala/chapter2/isSorted.scala
WARN  no build target: /home/levi/Projects/fp-scala/chapter2/main.scala
WARN  no build target: /home/levi/Projects/fp-scala/chapter3/Main.scala
INFO  shutting down Metals
INFO  time: initialize in 0.9s
WARN  no build tool detected in workspace '/home/levi/Projects/fp-scala'. The most common cause for this problem is that the editor was opened in the wrong working directory, for example if you use sbt then the workspace directory should contain build.sbt. 
WARN  no build target: /home/levi/Projects/fp-scala/chapter3/List.scala
INFO  no build target: using presentation compiler with only scala-library
WARN  no build target: /home/levi/Projects/fp-scala/chapter4/Option.scala
WARN  no build target: /home/levi/Projects/fp-scala/chapter3/List.scala
something's wrong: no file:///home/levi/Projects/fp-scala/chapter4/Option.scala in Option[<error>]RangePosition(file:///home/levi/Projects/fp-scala/chapter4/Option.scala, 84, 84, 100)
WARN  no build target: /home/levi/Projects/fp-scala/chapter4/Option.scala
something's wrong: no file:///home/levi/Projects/fp-scala/chapter4/Option.scala in Option[<error>]RangePosition(file:///home/levi/Projects/fp-scala/chapter4/Option.scala, 171, 171, 187)
WARN  no build target: /home/levi/Projects/fp-scala/chapter4/Option.scala
WARN  no build target: /home/levi/Projects/fp-scala/chapter4/Option.scala
WARN  no build target: /home/levi/Projects/fp-scala/chapter4/Option.scala
WARN  no build target: /home/levi/Projects/fp-scala/chapter4/Option.scala
WARN  no build target: /home/levi/Projects/fp-scala/chapter4/Option.scala
WARN  no build target: /home/levi/Projects/fp-scala/chapter4/Option.scala
something's wrong: no file:///home/levi/Projects/fp-scala/chapter4/Option.scala in Option[<error>]RangePosition(file:///home/levi/Projects/fp-scala/chapter4/Option.scala, 60, 60, 76)
ERROR scalafmt: /home/levi/Projects/fp-scala/chapter4/Option.scala:7: error: illegal start of simple pattern
  }
  ^
WARN  no build target: /home/levi/Projects/fp-scala/chapter4/Option.scala
something's wrong: no file:///home/levi/Projects/fp-scala/chapter4/Option.scala in Option[<error>]RangePosition(file:///home/levi/Projects/fp-scala/chapter4/Option.scala, 95, 95, 111)
ERROR scalafmt: /home/levi/Projects/fp-scala/chapter4/Option.scala:8: error: illegal start of simple pattern
  }
  ^
WARN  no build target: /home/levi/Projects/fp-scala/chapter4/Option.scala
WARN  no build target: /home/levi/Projects/fp-scala/chapter4/Option.scala
WARN  no build target: /home/levi/Projects/fp-scala/chapter4/Option.scala
WARN  no build target: /home/levi/Projects/fp-scala/chapter4/Option.scala
WARN  no build target: /home/levi/Projects/fp-scala/chapter4/Option.scala
WARN  no build target: /home/levi/Projects/fp-scala/chapter4/Option.scala
WARN  no build target: /home/levi/Projects/fp-scala/chapter4/Option.scala
ERROR scalafmt: /home/levi/Projects/fp-scala/chapter4/Option.scala:14: error: case expected but } found
  }
  ^
WARN  no build target: /home/levi/Projects/fp-scala/chapter4/Option.scala
WARN  no build target: /home/levi/Projects/fp-scala/chapter4/Option.scala
WARN  no build target: /home/levi/Projects/fp-scala/chapter4/Option.scala
WARN  no build target: /home/levi/Projects/fp-scala/chapter4/Option.scala
WARN  no build target: /home/levi/Projects/fp-scala/chapter4/Option.scala
WARN  no build target: /home/levi/Projects/fp-scala/chapter4/Option.scala
WARN  no build target: /home/levi/Projects/fp-scala/chapter4/Option.scala
WARN  no build target: /home/levi/Projects/fp-scala/chapter4/Option.scala
WARN  no build target: /home/levi/Projects/fp-scala/chapter4/Option.scala
WARN  no build target: /home/levi/Projects/fp-scala/chapter4/Option.scala
WARN  no build target: /home/levi/Projects/fp-scala/chapter4/Option.scala
WARN  no build target: /home/levi/Projects/fp-scala/chapter4/Option.scala
WARN  no build target: /home/levi/Projects/fp-scala/chapter4/Option.scala
WARN  no build target: /home/levi/Projects/fp-scala/chapter4/Option.scala
INFO  shutting down Metals
INFO  time: initialize in 0.98s
WARN  no build tool detected in workspace '/home/levi/Projects/fp-scala'. The most common cause for this problem is that the editor was opened in the wrong working directory, for example if you use sbt then the workspace directory should contain build.sbt. 
WARN  no build target: /home/levi/Projects/fp-scala/chapter4/Option.scala
INFO  started: Metals version 0.8.3 in workspace '/home/levi/Projects/fp-scala'
INFO  time: initialize in 0.89s
WARN  resetting database: /home/levi/Projects/fp-scala/.metals/metals.h2.db
WARN  no build tool detected in workspace '/home/levi/Projects/fp-scala'. The most common cause for this problem is that the editor was opened in the wrong working directory, for example if you use sbt then the workspace directory should contain build.sbt. 
WARN  no build target for: /home/levi/Projects/fp-scala/chapter4/Option.scala
WARN  no build target for: /home/levi/Projects/fp-scala/chapter2/fib.scala
Mar 29, 2020 10:23:03 PM org.eclipse.lsp4j.jsonrpc.RemoteEndpoint handleCancellation
WARNING: Unmatched cancel notification for request id 4
Mar 29, 2020 10:23:03 PM org.eclipse.lsp4j.jsonrpc.RemoteEndpoint handleCancellation
WARNING: Unmatched cancel notification for request id 3
Mar 29, 2020 10:23:03 PM org.eclipse.lsp4j.jsonrpc.RemoteEndpoint handleCancellation
WARNING: Unmatched cancel notification for request id 2
Mar 29, 2020 10:23:03 PM org.eclipse.lsp4j.jsonrpc.RemoteEndpoint handleCancellation
WARNING: Unmatched cancel notification for request id 6
Mar 29, 2020 10:23:03 PM org.eclipse.lsp4j.jsonrpc.RemoteEndpoint handleCancellation
WARNING: Unmatched cancel notification for request id 11
INFO  no build target: using presentation compiler with only scala-library
WARN  no build target for: /home/levi/Projects/fp-scala/chapter2/isSorted.scala
WARN  no build target for: /home/levi/Projects/fp-scala/chapter2/main.scala
WARN  no build target for: /home/levi/Projects/fp-scala/chapter3/List.scala
something's wrong: no file:///home/levi/Projects/fp-scala/chapter3/List.scala in fpinscala.datastructure.List[<error>]RangePosition(file:///home/levi/Projects/fp-scala/chapter3/List.scala, 1080, 1080, 1094)
WARN  no build target for: /home/levi/Projects/fp-scala/chapter3/List.scala
Mar 29, 2020 10:46:09 PM org.eclipse.lsp4j.jsonrpc.RemoteEndpoint handleCancellation
WARNING: Unmatched cancel notification for request id 371
WARN  no build target for: /home/levi/Projects/fp-scala/chapter3/List.scala
something's wrong: no file:///home/levi/Projects/fp-scala/chapter3/List.scala in fpinscala.datastructure.List[A]RangePosition(file:///home/levi/Projects/fp-scala/chapter3/List.scala, 1080, 1080, 1087)
WARN  no build target for: /home/levi/Projects/fp-scala/chapter3/Main.scala
WARN  no build target for: /home/levi/Projects/fp-scala/chapter3/List.scala
WARN  no build target for: /home/levi/Projects/fp-scala/chapter3/Main.scala
something's wrong: no file:///home/levi/Projects/fp-scala/chapter3/Main.scala in fpinscala.datastructure.List[<error>]RangePosition(file:///home/levi/Projects/fp-scala/chapter3/Main.scala, 389, 389, 403)
WARN  no build target for: /home/levi/Projects/fp-scala/chapter3/Main.scala
WARN  no build target for: /home/levi/Projects/fp-scala/chapter3/List.scala
WARN  no build target for: /home/levi/Projects/fp-scala/chapter3/List.scala
WARN  no build target for: /home/levi/Projects/fp-scala/chapter3/List.scala
WARN  no build target for: /home/levi/Projects/fp-scala/chapter3/List.scala
WARN  no build target for: /home/levi/Projects/fp-scala/chapter3/List.scala
WARN  no build target for: /home/levi/Projects/fp-scala/chapter3/List.scala
WARN  no build target for: /home/levi/Projects/fp-scala/chapter3/List.scala
WARN  no build target for: /home/levi/Projects/fp-scala/chapter3/Main.scala
INFO  shutting down Metals
INFO  started: Metals version 0.8.3 in workspace '/home/levi/Projects/fp-scala'
INFO  time: initialize in 0.87s
WARN  no build tool detected in workspace '/home/levi/Projects/fp-scala'. The most common cause for this problem is that the editor was opened in the wrong working directory, for example if you use sbt then the workspace directory should contain build.sbt. 
WARN  no build target for: /home/levi/Projects/fp-scala/chapter3/List.scala
INFO  no build target: using presentation compiler with only scala-library
something's wrong: no file:///home/levi/Projects/fp-scala/chapter3/List.scala in fpinscala.datastructure.List[<error>]RangePosition(file:///home/levi/Projects/fp-scala/chapter3/List.scala, 1236, 1236, 1250)
WARN  no build target for: /home/levi/Projects/fp-scala/chapter3/List.scala
WARN  no build target for: /home/levi/Projects/fp-scala/chapter3/List.scala
WARN  no build target for: /home/levi/Projects/fp-scala/chapter3/Main.scala
WARN  no build target for: /home/levi/Projects/fp-scala/chapter3/Main.scala
WARN  no build target for: /home/levi/Projects/fp-scala/chapter3/List.scala
WARN  no build target for: /home/levi/Projects/fp-scala/chapter3/List.scala
WARN  no build target for: /home/levi/Projects/fp-scala/test/test/src/main/scala/Main.scala
WARN  no build target for: /home/levi/Projects/fp-scala/chapter3/Main.scala
WARN  no build target for: /home/levi/Projects/fp-scala/chapter3/List.scala
ERROR scalafmt: /home/levi/Projects/fp-scala/chapter3/List.scala:54: error: case expected but } found
  }
  ^
WARN  no build target for: /home/levi/Projects/fp-scala/chapter3/List.scala
ERROR scalafmt: /home/levi/Projects/fp-scala/chapter3/List.scala:54: error: case expected but } found
  }
  ^
WARN  no build target for: /home/levi/Projects/fp-scala/chapter3/List.scala
WARN  no build target for: /home/levi/Projects/fp-scala/chapter3/List.scala
WARN  no build target for: /home/levi/Projects/fp-scala/chapter3/List.scala
WARN  no build target for: /home/levi/Projects/fp-scala/chapter3/List.scala
WARN  no build target for: /home/levi/Projects/fp-scala/chapter3/Main.scala
WARN  no build target for: /home/levi/Projects/fp-scala/chapter3/Main.scala
WARN  no build target for: /home/levi/Projects/fp-scala/chapter3/Main.scala
WARN  no build target for: /home/levi/Projects/fp-scala/chapter3/Main.scala
Mar 30, 2020 9:40:08 PM scala.meta.internal.pc.CompletionProvider expected$1
WARNING: null
Mar 30, 2020 9:40:10 PM scala.meta.internal.pc.CompletionProvider expected$1
WARNING: null
WARN  no build target for: /home/levi/Projects/fp-scala/chapter3/Main.scala
ERROR scalafmt: /home/levi/Projects/fp-scala/chapter3/Main.scala:21: error: ) expected but } found
  }
  ^
WARN  no build target for: /home/levi/Projects/fp-scala/chapter3/Main.scala
ERROR scalafmt: /home/levi/Projects/fp-scala/chapter3/Main.scala:20: error: ) expected but ; found
    println(List.foldLeft(List(1, 2, 4), 0)(add);
                                                ^
WARN  no build target for: /home/levi/Projects/fp-scala/chapter3/Main.scala
WARN  no build target for: /home/levi/Projects/fp-scala/chapter3/Main.scala
WARN  no build target for: /home/levi/Projects/fp-scala/chapter3/Main.scala
WARN  no build target for: /home/levi/Projects/fp-scala/chapter3/Main.scala
ERROR scalafmt: /home/levi/Projects/fp-scala/chapter3/Main.scala:19: error: ; expected but => found
    var add = (Int a, Int b) => a + b;
                             ^
WARN  no build target for: /home/levi/Projects/fp-scala/chapter3/Main.scala
WARN  no build target for: /home/levi/Projects/fp-scala/chapter3/Main.scala
WARN  no build target for: /home/levi/Projects/fp-scala/chapter3/List.scala
something's wrong: no file:///home/levi/Projects/fp-scala/chapter3/List.scala in fpinscala.datastructure.List[<error>]RangePosition(file:///home/levi/Projects/fp-scala/chapter3/List.scala, 1495, 1495, 1509)
WARN  no build target for: /home/levi/Projects/fp-scala/chapter3/Main.scala
WARN  no build target for: /home/levi/Projects/fp-scala/chapter3/Main.scala
WARN  no build target for: /home/levi/Projects/fp-scala/chapter3/Main.scala
WARN  no build target for: /home/levi/Projects/fp-scala/chapter3/Main.scala
ERROR scalafmt: /home/levi/Projects/fp-scala/chapter3/List.scala:59: error: case expected but } found
  }
  ^
WARN  no build target for: /home/levi/Projects/fp-scala/chapter3/List.scala
WARN  no build target for: /home/levi/Projects/fp-scala/chapter3/List.scala
WARN  no build target for: /home/levi/Projects/fp-scala/chapter3/List.scala
WARN  no build target for: /home/levi/Projects/fp-scala/chapter3/List.scala
WARN  no build target for: /home/levi/Projects/fp-scala/chapter3/Main.scala
WARN  no build target for: /home/levi/Projects/fp-scala/chapter3/List.scala
WARN  no build target for: /home/levi/Projects/fp-scala/chapter3/List.scala
Mar 30, 2020 9:50:21 PM org.eclipse.lsp4j.jsonrpc.RemoteEndpoint handleCancellation
WARNING: Unmatched cancel notification for request id 2419
WARN  no build target for: /home/levi/Projects/fp-scala/chapter3/List.scala
WARN  no build target for: /home/levi/Projects/fp-scala/chapter3/List.scala
Mar 30, 2020 9:52:09 PM org.eclipse.lsp4j.jsonrpc.RemoteEndpoint handleCancellation
WARNING: Unmatched cancel notification for request id 2660
WARN  no build target for: /home/levi/Projects/fp-scala/chapter3/List.scala
WARN  no build target for: /home/levi/Projects/fp-scala/chapter3/List.scala
something's wrong: no file:///home/levi/Projects/fp-scala/chapter3/List.scala in fpinscala.datastructure.List[A]RangePosition(file:///home/levi/Projects/fp-scala/chapter3/List.scala, 1236, 1236, 1243)
WARN  no build target for: /home/levi/Projects/fp-scala/chapter3/List.scala
Mar 30, 2020 9:55:09 PM org.eclipse.lsp4j.jsonrpc.RemoteEndpoint handleCancellation
WARNING: Unmatched cancel notification for request id 2873
WARN  no build target for: /home/levi/Projects/fp-scala/chapter3/List.scala
WARN  no build target for: /home/levi/Projects/fp-scala/chapter3/Main.scala
WARN  no build target for: /home/levi/Projects/fp-scala/chapter3/Main.scala
something's wrong: no file:///home/levi/Projects/fp-scala/chapter3/List.scala in fpinscala.datastructure.List[<error>]RangePosition(file:///home/levi/Projects/fp-scala/chapter3/List.scala, 1565, 1565, 1579)
WARN  no build target for: /home/levi/Projects/fp-scala/chapter3/List.scala
WARN  no build target for: /home/levi/Projects/fp-scala/chapter3/Main.scala
WARN  no build target for: /home/levi/Projects/fp-scala/chapter3/Main.scala
something's wrong: no file:///home/levi/Projects/fp-scala/chapter3/List.scala in fpinscala.datastructure.List[<error>]RangePosition(file:///home/levi/Projects/fp-scala/chapter3/List.scala, 1614, 1614, 1628)
WARN  no build target for: /home/levi/Projects/fp-scala/chapter3/List.scala
something's wrong: no file:///home/levi/Projects/fp-scala/chapter3/List.scala in fpinscala.datastructure.List[<error>]RangePosition(file:///home/levi/Projects/fp-scala/chapter3/List.scala, 1654, 1654, 1668)
something's wrong: no file:///home/levi/Projects/fp-scala/chapter3/List.scala in fpinscala.datastructure.List[<error>]RangePosition(file:///home/levi/Projects/fp-scala/chapter3/List.scala, 1659, 1659, 1673)
WARN  no build target for: /home/levi/Projects/fp-scala/chapter3/List.scala
WARN  no build target for: /home/levi/Projects/fp-scala/chapter3/List.scala
something's wrong: no file:///home/levi/Projects/fp-scala/chapter3/List.scala in fpinscala.datastructure.List[<error>]RangePosition(file:///home/levi/Projects/fp-scala/chapter3/List.scala, 1716, 1716, 1730)
WARN  no build target for: /home/levi/Projects/fp-scala/chapter3/List.scala
something's wrong: no file:///home/levi/Projects/fp-scala/chapter3/List.scala in fpinscala.datastructure.List[<error>]RangePosition(file:///home/levi/Projects/fp-scala/chapter3/List.scala, 1777, 1777, 1791)
WARN  no build target for: /home/levi/Projects/fp-scala/chapter3/List.scala
WARN  no build target for: /home/levi/Projects/fp-scala/chapter3/Main.scala
WARN  no build target for: /home/levi/Projects/fp-scala/chapter3/Main.scala
WARN  no build target for: /home/levi/Projects/fp-scala/chapter3/Main.scala
something's wrong: no file:///home/levi/Projects/fp-scala/chapter3/List.scala in fpinscala.datastructure.List[A]RangePosition(file:///home/levi/Projects/fp-scala/chapter3/List.scala, 1716, 1716, 1723)
INFO  shutting down Metals
INFO  started: Metals version 0.8.3 in workspace '/home/levi/Projects/fp-scala'
INFO  time: initialize in 0.87s
WARN  no build tool detected in workspace '/home/levi/Projects/fp-scala'. The most common cause for this problem is that the editor was opened in the wrong working directory, for example if you use sbt then the workspace directory should contain build.sbt. 
WARN  no build target for: /home/levi/Projects/fp-scala/chapter3/List.scala
INFO  no build target: using presentation compiler with only scala-library
Apr 01, 2020 9:56:26 PM org.eclipse.lsp4j.jsonrpc.RemoteEndpoint handleCancellation
WARNING: Unmatched cancel notification for request id 13
something's wrong: no file:///home/levi/Projects/fp-scala/chapter3/List.scala in fpinscala.datastructure.List[<error>]RangePosition(file:///home/levi/Projects/fp-scala/chapter3/List.scala, 1820, 1820, 1834)
Apr 01, 2020 9:56:43 PM org.eclipse.lsp4j.jsonrpc.RemoteEndpoint handleCancellation
WARNING: Unmatched cancel notification for request id 120
WARN  no build target for: /home/levi/Projects/fp-scala/chapter3/List.scala
WARN  no build target for: /home/levi/Projects/fp-scala/chapter3/List.scala
WARN  no build target for: /home/levi/Projects/fp-scala/chapter3/List.scala
something's wrong: no file:///home/levi/Projects/fp-scala/chapter3/List.scala in fpinscala.datastructure.List[<error>]RangePosition(file:///home/levi/Projects/fp-scala/chapter3/List.scala, 1876, 1876, 1890)
WARN  no build target for: /home/levi/Projects/fp-scala/chapter3/List.scala
WARN  no build target for: /home/levi/Projects/fp-scala/chapter3/Main.scala
WARN  no build target for: /home/levi/Projects/fp-scala/chapter3/Main.scala
Apr 01, 2020 9:58:06 PM scala.meta.internal.pc.CompletionProvider expected$1
WARNING: offset 914, count -1, length 928
WARN  no build target for: /home/levi/Projects/fp-scala/chapter3/Main.scala
WARN  no build target for: /home/levi/Projects/fp-scala/chapter3/Main.scala
Apr 01, 2020 9:59:59 PM org.eclipse.lsp4j.jsonrpc.RemoteEndpoint handleCancellation
WARNING: Unmatched cancel notification for request id 651
WARN  no build target for: /home/levi/Projects/fp-scala/chapter3/List.scala
WARN  no build target for: /home/levi/Projects/fp-scala/chapter3/List.scala
WARN  no build target for: /home/levi/Projects/fp-scala/chapter3/List.scala
WARN  no build target for: /home/levi/Projects/fp-scala/chapter3/List.scala
Apr 01, 2020 10:01:42 PM org.eclipse.lsp4j.jsonrpc.RemoteEndpoint handleCancellation
WARNING: Unmatched cancel notification for request id 919
something's wrong: no file:///home/levi/Projects/fp-scala/chapter3/List.scala in fpinscala.datastructure.List[<error>]RangePosition(file:///home/levi/Projects/fp-scala/chapter3/List.scala, 1950, 1950, 1964)
something's wrong: no file:///home/levi/Projects/fp-scala/chapter3/List.scala in fpinscala.datastructure.List[<error>]RangePosition(file:///home/levi/Projects/fp-scala/chapter3/List.scala, 1967, 1967, 1981)
WARN  no build target for: /home/levi/Projects/fp-scala/chapter3/List.scala
WARN  no build target for: /home/levi/Projects/fp-scala/chapter3/List.scala
WARN  no build target for: /home/levi/Projects/fp-scala/chapter3/Main.scala
Apr 01, 2020 10:02:48 PM scala.meta.internal.pc.CompletionProvider expected$1
WARNING: offset 992, count -1, length 1006
WARN  no build target for: /home/levi/Projects/fp-scala/chapter3/Main.scala
WARN  no build target for: /home/levi/Projects/fp-scala/chapter3/Main.scala
WARN  no build target for: /home/levi/Projects/fp-scala/chapter3/List.scala
WARN  no build target for: /home/levi/Projects/fp-scala/chapter3/List.scala
something's wrong: no file:///home/levi/Projects/fp-scala/chapter3/List.scala in fpinscala.datastructure.List[<error>]RangePosition(file:///home/levi/Projects/fp-scala/chapter3/List.scala, 2012, 2012, 2026)
something's wrong: no file:///home/levi/Projects/fp-scala/chapter3/List.scala in fpinscala.datastructure.List[<error>]RangePosition(file:///home/levi/Projects/fp-scala/chapter3/List.scala, 2017, 2017, 2031)
WARN  no build target for: /home/levi/Projects/fp-scala/chapter3/List.scala
WARN  no build target for: /home/levi/Projects/fp-scala/chapter3/List.scala
WARN  no build target for: /home/levi/Projects/fp-scala/chapter3/List.scala
Apr 01, 2020 10:10:06 PM org.eclipse.lsp4j.jsonrpc.RemoteEndpoint handleCancellation
WARNING: Unmatched cancel notification for request id 1844
WARN  no build target for: /home/levi/Projects/fp-scala/chapter3/List.scala
something's wrong: no file:///home/levi/Projects/fp-scala/chapter3/List.scala in fpinscala.datastructure.List[<error>]RangePosition(file:///home/levi/Projects/fp-scala/chapter3/List.scala, 2133, 2133, 2147)
WARN  no build target for: /home/levi/Projects/fp-scala/chapter3/List.scala
WARN  no build target for: /home/levi/Projects/fp-scala/chapter3/Main.scala
ERROR scalafmt: /home/levi/Projects/fp-scala/chapter3/Main.scala:44: error: ) expected but } found
  }
  ^
WARN  no build target for: /home/levi/Projects/fp-scala/chapter3/Main.scala
ERROR scalafmt: /home/levi/Projects/fp-scala/chapter3/Main.scala:45: error: ) expected but } found
}
^
WARN  no build target for: /home/levi/Projects/fp-scala/chapter3/Main.scala
ERROR scalafmt: /home/levi/Projects/fp-scala/chapter3/Main.scala:44: error: ) expected but } found
  }
  ^
WARN  no build target for: /home/levi/Projects/fp-scala/chapter3/Main.scala
Apr 01, 2020 10:12:51 PM scala.meta.internal.pc.CompletionProvider expected$1
WARNING: offset 1120, count -1, length 1134
WARN  no build target for: /home/levi/Projects/fp-scala/chapter3/Main.scala
Apr 01, 2020 10:15:43 PM scala.meta.internal.pc.completions.Completions completionPosition
SEVERE: null
java.lang.NullPointerException
	at scala.meta.internal.pc.completions.OverrideCompletions$OverrideCompletion.<init>(OverrideCompletions.scala:44)
	at scala.meta.internal.pc.completions.Completions.completionPositionUnsafe(Completions.scala:490)
	at scala.meta.internal.pc.completions.Completions.completionPositionUnsafe$(Completions.scala:402)
	at scala.meta.internal.pc.MetalsGlobal.completionPositionUnsafe(MetalsGlobal.scala:25)
	at scala.meta.internal.pc.completions.Completions.completionPosition(Completions.scala:394)
	at scala.meta.internal.pc.completions.Completions.completionPosition$(Completions.scala:379)
	at scala.meta.internal.pc.MetalsGlobal.completionPosition(MetalsGlobal.scala:25)
	at scala.meta.internal.pc.CompletionProvider.safeCompletionsAt(CompletionProvider.scala:415)
	at scala.meta.internal.pc.CompletionProvider.completions(CompletionProvider.scala:52)
	at scala.meta.internal.pc.ScalaPresentationCompiler.$anonfun$complete$1(ScalaPresentationCompiler.scala:92)
	at scala.meta.internal.pc.CompilerAccess.withSharedCompiler(CompilerAccess.scala:120)
	at scala.meta.internal.pc.CompilerAccess.$anonfun$withInterruptableCompiler$1(CompilerAccess.scala:77)
	at scala.meta.internal.pc.CompilerAccess.$anonfun$onCompilerJobQueue$1(CompilerAccess.scala:198)
	at scala.meta.internal.pc.CompilerJobQueue$Job.run(CompilerJobQueue.scala:101)
	at java.base/java.util.concurrent.ThreadPoolExecutor.runWorker(ThreadPoolExecutor.java:1128)
	at java.base/java.util.concurrent.ThreadPoolExecutor$Worker.run(ThreadPoolExecutor.java:628)
	at java.base/java.lang.Thread.run(Thread.java:834)

Apr 01, 2020 10:15:43 PM scala.meta.internal.pc.completions.Completions completionPosition
SEVERE: null
java.lang.NullPointerException
	at scala.meta.internal.pc.completions.OverrideCompletions$OverrideCompletion.<init>(OverrideCompletions.scala:44)
	at scala.meta.internal.pc.completions.Completions.completionPositionUnsafe(Completions.scala:490)
	at scala.meta.internal.pc.completions.Completions.completionPositionUnsafe$(Completions.scala:402)
	at scala.meta.internal.pc.MetalsGlobal.completionPositionUnsafe(MetalsGlobal.scala:25)
	at scala.meta.internal.pc.completions.Completions.completionPosition(Completions.scala:394)
	at scala.meta.internal.pc.completions.Completions.completionPosition$(Completions.scala:379)
	at scala.meta.internal.pc.MetalsGlobal.completionPosition(MetalsGlobal.scala:25)
	at scala.meta.internal.pc.CompletionProvider.safeCompletionsAt(CompletionProvider.scala:415)
	at scala.meta.internal.pc.CompletionProvider.completions(CompletionProvider.scala:52)
	at scala.meta.internal.pc.ScalaPresentationCompiler.$anonfun$complete$1(ScalaPresentationCompiler.scala:92)
	at scala.meta.internal.pc.CompilerAccess.withSharedCompiler(CompilerAccess.scala:120)
	at scala.meta.internal.pc.CompilerAccess.$anonfun$withInterruptableCompiler$1(CompilerAccess.scala:77)
	at scala.meta.internal.pc.CompilerAccess.$anonfun$onCompilerJobQueue$1(CompilerAccess.scala:198)
	at scala.meta.internal.pc.CompilerJobQueue$Job.run(CompilerJobQueue.scala:101)
	at java.base/java.util.concurrent.ThreadPoolExecutor.runWorker(ThreadPoolExecutor.java:1128)
	at java.base/java.util.concurrent.ThreadPoolExecutor$Worker.run(ThreadPoolExecutor.java:628)
	at java.base/java.lang.Thread.run(Thread.java:834)

Apr 01, 2020 10:15:44 PM scala.meta.internal.pc.completions.Completions completionPosition
SEVERE: null
java.lang.NullPointerException
	at scala.meta.internal.pc.completions.OverrideCompletions$OverrideCompletion.<init>(OverrideCompletions.scala:44)
	at scala.meta.internal.pc.completions.Completions.completionPositionUnsafe(Completions.scala:490)
	at scala.meta.internal.pc.completions.Completions.completionPositionUnsafe$(Completions.scala:402)
	at scala.meta.internal.pc.MetalsGlobal.completionPositionUnsafe(MetalsGlobal.scala:25)
	at scala.meta.internal.pc.completions.Completions.completionPosition(Completions.scala:394)
	at scala.meta.internal.pc.completions.Completions.completionPosition$(Completions.scala:379)
	at scala.meta.internal.pc.MetalsGlobal.completionPosition(MetalsGlobal.scala:25)
	at scala.meta.internal.pc.CompletionProvider.safeCompletionsAt(CompletionProvider.scala:415)
	at scala.meta.internal.pc.CompletionProvider.completions(CompletionProvider.scala:52)
	at scala.meta.internal.pc.ScalaPresentationCompiler.$anonfun$complete$1(ScalaPresentationCompiler.scala:92)
	at scala.meta.internal.pc.CompilerAccess.withSharedCompiler(CompilerAccess.scala:120)
	at scala.meta.internal.pc.CompilerAccess.$anonfun$withInterruptableCompiler$1(CompilerAccess.scala:77)
	at scala.meta.internal.pc.CompilerAccess.$anonfun$onCompilerJobQueue$1(CompilerAccess.scala:198)
	at scala.meta.internal.pc.CompilerJobQueue$Job.run(CompilerJobQueue.scala:101)
	at java.base/java.util.concurrent.ThreadPoolExecutor.runWorker(ThreadPoolExecutor.java:1128)
	at java.base/java.util.concurrent.ThreadPoolExecutor$Worker.run(ThreadPoolExecutor.java:628)
	at java.base/java.lang.Thread.run(Thread.java:834)

Apr 01, 2020 10:15:44 PM scala.meta.internal.pc.completions.Completions completionPosition
SEVERE: null
java.lang.NullPointerException
	at scala.meta.internal.pc.completions.OverrideCompletions$OverrideCompletion.<init>(OverrideCompletions.scala:44)
	at scala.meta.internal.pc.completions.Completions.completionPositionUnsafe(Completions.scala:490)
	at scala.meta.internal.pc.completions.Completions.completionPositionUnsafe$(Completions.scala:402)
	at scala.meta.internal.pc.MetalsGlobal.completionPositionUnsafe(MetalsGlobal.scala:25)
	at scala.meta.internal.pc.completions.Completions.completionPosition(Completions.scala:394)
	at scala.meta.internal.pc.completions.Completions.completionPosition$(Completions.scala:379)
	at scala.meta.internal.pc.MetalsGlobal.completionPosition(MetalsGlobal.scala:25)
	at scala.meta.internal.pc.CompletionProvider.safeCompletionsAt(CompletionProvider.scala:415)
	at scala.meta.internal.pc.CompletionProvider.completions(CompletionProvider.scala:52)
	at scala.meta.internal.pc.ScalaPresentationCompiler.$anonfun$complete$1(ScalaPresentationCompiler.scala:92)
	at scala.meta.internal.pc.CompilerAccess.withSharedCompiler(CompilerAccess.scala:120)
	at scala.meta.internal.pc.CompilerAccess.$anonfun$withInterruptableCompiler$1(CompilerAccess.scala:77)
	at scala.meta.internal.pc.CompilerAccess.$anonfun$onCompilerJobQueue$1(CompilerAccess.scala:198)
	at scala.meta.internal.pc.CompilerJobQueue$Job.run(CompilerJobQueue.scala:101)
	at java.base/java.util.concurrent.ThreadPoolExecutor.runWorker(ThreadPoolExecutor.java:1128)
	at java.base/java.util.concurrent.ThreadPoolExecutor$Worker.run(ThreadPoolExecutor.java:628)
	at java.base/java.lang.Thread.run(Thread.java:834)

ERROR scalafmt: /home/levi/Projects/fp-scala/chapter3/List.scala:82: error: illegal start of declaration (possible cause: missing `=' in front of current method body)
      if (f(x)) {
      ^
WARN  no build target for: /home/levi/Projects/fp-scala/chapter3/List.scala
WARN  no build target for: /home/levi/Projects/fp-scala/chapter3/List.scala
ERROR scalafmt: /home/levi/Projects/fp-scala/chapter3/List.scala:89: error: ) expected but } found
  }
  ^
WARN  no build target for: /home/levi/Projects/fp-scala/chapter3/List.scala
WARN  no build target for: /home/levi/Projects/fp-scala/chapter3/List.scala
WARN  no build target for: /home/levi/Projects/fp-scala/chapter3/Main.scala
WARN  no build target for: /home/levi/Projects/fp-scala/chapter3/Main.scala
WARN  no build target for: /home/levi/Projects/fp-scala/chapter3/Main.scala
WARN  no build target for: /home/levi/Projects/fp-scala/chapter3/Main.scala
ERROR scalafmt: /home/levi/Projects/fp-scala/chapter3/List.scala:82: error: ( expected but identifier found
      if f(x) {
         ^
WARN  no build target for: /home/levi/Projects/fp-scala/chapter3/List.scala
WARN  no build target for: /home/levi/Projects/fp-scala/chapter3/List.scala
WARN  no build target for: /home/levi/Projects/fp-scala/chapter3/Main.scala
WARN  no build target for: /home/levi/Projects/fp-scala/chapter3/Main.scala
WARN  no build target for: /home/levi/Projects/fp-scala/chapter3/Main.scala
WARN  no build target for: /home/levi/Projects/fp-scala/chapter3/Main.scala
something's wrong: no file:///home/levi/Projects/fp-scala/chapter3/List.scala in fpinscala.datastructure.List[<error>]RangePosition(file:///home/levi/Projects/fp-scala/chapter3/List.scala, 2269, 2269, 2283)
WARN  no build target for: /home/levi/Projects/fp-scala/chapter3/List.scala
WARN  no build target for: /home/levi/Projects/fp-scala/chapter3/List.scala
WARN  no build target for: /home/levi/Projects/fp-scala/chapter3/List.scala
WARN  no build target for: /home/levi/Projects/fp-scala/chapter3/Main.scala
WARN  no build target for: /home/levi/Projects/fp-scala/chapter4/Option.scala
WARN  no build target for: /home/levi/Projects/fp-scala/chapter3/List.scala
WARN  no build target for: /home/levi/Projects/fp-scala/chapter3/Main.scala
WARN  no build target for: /home/levi/Projects/fp-scala/chapter4/Option.scala
WARN  no build target for: /home/levi/Projects/fp-scala/chapter4/Option.scala
WARN  no build target for: /home/levi/Projects/fp-scala/chapter4/Main.scala
WARN  no build target for: /home/levi/Projects/fp-scala/chapter3/Main.scala
Apr 01, 2020 10:54:27 PM org.eclipse.lsp4j.jsonrpc.RemoteEndpoint fallbackResponseError
SEVERE: Internal error: java.lang.StringIndexOutOfBoundsException: String index out of range: -1
java.util.concurrent.CompletionException: java.lang.StringIndexOutOfBoundsException: String index out of range: -1
	at java.base/java.util.concurrent.CompletableFuture.encodeThrowable(CompletableFuture.java:331)
	at java.base/java.util.concurrent.CompletableFuture.completeThrowable(CompletableFuture.java:346)
	at java.base/java.util.concurrent.CompletableFuture$UniAccept.tryFire(CompletableFuture.java:704)
	at java.base/java.util.concurrent.CompletableFuture.postComplete(CompletableFuture.java:506)
	at java.base/java.util.concurrent.CompletableFuture.completeExceptionally(CompletableFuture.java:2088)
	at scala.meta.internal.metals.CancelTokens$.$anonfun$future$1(CancelTokens.scala:38)
	at scala.meta.internal.metals.CancelTokens$.$anonfun$future$1$adapted(CancelTokens.scala:36)
	at scala.concurrent.impl.CallbackRunnable.run(Promise.scala:64)
	at java.base/java.util.concurrent.ThreadPoolExecutor.runWorker(ThreadPoolExecutor.java:1128)
	at java.base/java.util.concurrent.ThreadPoolExecutor$Worker.run(ThreadPoolExecutor.java:628)
	at java.base/java.lang.Thread.run(Thread.java:834)
Caused by: java.lang.StringIndexOutOfBoundsException: String index out of range: -1
	at java.base/java.lang.StringLatin1.charAt(StringLatin1.java:47)
	at java.base/java.lang.String.charAt(String.java:693)
	at scala.collection.immutable.StringOps$.apply$extension(StringOps.scala:41)
	at scala.meta.internal.metals.MetalsEnrichments$XtensionString.lastIndexBetween(MetalsEnrichments.scala:408)
	at scala.meta.internal.metals.MultilineStringFormattingProvider.pipeInScope(MultilineStringFormattingProvider.scala:93)
	at scala.meta.internal.metals.MultilineStringFormattingProvider.$anonfun$withToken$1(MultilineStringFormattingProvider.scala:139)
	at scala.concurrent.Future$.$anonfun$apply$1(Future.scala:659)
	at scala.util.Success.$anonfun$map$1(Try.scala:255)
	at scala.util.Success.map(Try.scala:213)
	at scala.concurrent.Future.$anonfun$map$1(Future.scala:292)
	at scala.concurrent.impl.Promise.liftedTree1$1(Promise.scala:33)
	at scala.concurrent.impl.Promise.$anonfun$transform$1(Promise.scala:33)
	... 4 more

WARN  no build target for: /home/levi/Projects/fp-scala/chapter4/Main.scala
WARN  no build target for: /home/levi/Projects/fp-scala/chapter3/List.scala
something's wrong: no file:///home/levi/Projects/fp-scala/chapter4/Option.scala in Option[Nothing]RangePosition(file:///home/levi/Projects/fp-scala/chapter4/Option.scala, 95, 95, 110)
Apr 01, 2020 10:54:44 PM org.eclipse.lsp4j.jsonrpc.RemoteEndpoint fallbackResponseError
SEVERE: Internal error: java.lang.StringIndexOutOfBoundsException: String index out of range: -1
java.util.concurrent.CompletionException: java.lang.StringIndexOutOfBoundsException: String index out of range: -1
	at java.base/java.util.concurrent.CompletableFuture.encodeThrowable(CompletableFuture.java:331)
	at java.base/java.util.concurrent.CompletableFuture.completeThrowable(CompletableFuture.java:346)
	at java.base/java.util.concurrent.CompletableFuture$UniAccept.tryFire(CompletableFuture.java:704)
	at java.base/java.util.concurrent.CompletableFuture.postComplete(CompletableFuture.java:506)
	at java.base/java.util.concurrent.CompletableFuture.completeExceptionally(CompletableFuture.java:2088)
	at scala.meta.internal.metals.CancelTokens$.$anonfun$future$1(CancelTokens.scala:38)
	at scala.meta.internal.metals.CancelTokens$.$anonfun$future$1$adapted(CancelTokens.scala:36)
	at scala.concurrent.impl.CallbackRunnable.run(Promise.scala:64)
	at java.base/java.util.concurrent.ThreadPoolExecutor.runWorker(ThreadPoolExecutor.java:1128)
	at java.base/java.util.concurrent.ThreadPoolExecutor$Worker.run(ThreadPoolExecutor.java:628)
	at java.base/java.lang.Thread.run(Thread.java:834)
Caused by: java.lang.StringIndexOutOfBoundsException: String index out of range: -1
	at java.base/java.lang.StringLatin1.charAt(StringLatin1.java:47)
	at java.base/java.lang.String.charAt(String.java:693)
	at scala.collection.immutable.StringOps$.apply$extension(StringOps.scala:41)
	at scala.meta.internal.metals.MetalsEnrichments$XtensionString.lastIndexBetween(MetalsEnrichments.scala:408)
	at scala.meta.internal.metals.MultilineStringFormattingProvider.pipeInScope(MultilineStringFormattingProvider.scala:93)
	at scala.meta.internal.metals.MultilineStringFormattingProvider.$anonfun$withToken$1(MultilineStringFormattingProvider.scala:139)
	at scala.concurrent.Future$.$anonfun$apply$1(Future.scala:659)
	at scala.util.Success.$anonfun$map$1(Try.scala:255)
	at scala.util.Success.map(Try.scala:213)
	at scala.concurrent.Future.$anonfun$map$1(Future.scala:292)
	at scala.concurrent.impl.Promise.liftedTree1$1(Promise.scala:33)
	at scala.concurrent.impl.Promise.$anonfun$transform$1(Promise.scala:33)
	... 4 more

Apr 01, 2020 10:54:44 PM org.eclipse.lsp4j.jsonrpc.RemoteEndpoint fallbackResponseError
SEVERE: Internal error: java.lang.StringIndexOutOfBoundsException: String index out of range: -1
java.util.concurrent.CompletionException: java.lang.StringIndexOutOfBoundsException: String index out of range: -1
	at java.base/java.util.concurrent.CompletableFuture.encodeThrowable(CompletableFuture.java:331)
	at java.base/java.util.concurrent.CompletableFuture.completeThrowable(CompletableFuture.java:346)
	at java.base/java.util.concurrent.CompletableFuture$UniAccept.tryFire(CompletableFuture.java:704)
	at java.base/java.util.concurrent.CompletableFuture.postComplete(CompletableFuture.java:506)
	at java.base/java.util.concurrent.CompletableFuture.completeExceptionally(CompletableFuture.java:2088)
	at scala.meta.internal.metals.CancelTokens$.$anonfun$future$1(CancelTokens.scala:38)
	at scala.meta.internal.metals.CancelTokens$.$anonfun$future$1$adapted(CancelTokens.scala:36)
	at scala.concurrent.impl.CallbackRunnable.run(Promise.scala:64)
	at java.base/java.util.concurrent.ThreadPoolExecutor.runWorker(ThreadPoolExecutor.java:1128)
	at java.base/java.util.concurrent.ThreadPoolExecutor$Worker.run(ThreadPoolExecutor.java:628)
	at java.base/java.lang.Thread.run(Thread.java:834)
Caused by: java.lang.StringIndexOutOfBoundsException: String index out of range: -1
	at java.base/java.lang.StringLatin1.charAt(StringLatin1.java:47)
	at java.base/java.lang.String.charAt(String.java:693)
	at scala.collection.immutable.StringOps$.apply$extension(StringOps.scala:41)
	at scala.meta.internal.metals.MetalsEnrichments$XtensionString.lastIndexBetween(MetalsEnrichments.scala:408)
	at scala.meta.internal.metals.MultilineStringFormattingProvider.pipeInScope(MultilineStringFormattingProvider.scala:93)
	at scala.meta.internal.metals.MultilineStringFormattingProvider.$anonfun$withToken$1(MultilineStringFormattingProvider.scala:139)
	at scala.concurrent.Future$.$anonfun$apply$1(Future.scala:659)
	at scala.util.Success.$anonfun$map$1(Try.scala:255)
	at scala.util.Success.map(Try.scala:213)
	at scala.concurrent.Future.$anonfun$map$1(Future.scala:292)
	at scala.concurrent.impl.Promise.liftedTree1$1(Promise.scala:33)
	at scala.concurrent.impl.Promise.$anonfun$transform$1(Promise.scala:33)
	... 4 more

WARN  no build target for: /home/levi/Projects/fp-scala/chapter4/Option.scala
WARN  no build target for: /home/levi/Projects/fp-scala/chapter4/Main.scala
WARN  no build target for: /home/levi/Projects/fp-scala/chapter4/Main.scala
WARN  no build target for: /home/levi/Projects/fp-scala/chapter4/Main.scala
WARN  no build target for: /home/levi/Projects/fp-scala/chapter4/Option.scala
WARN  no build target for: /home/levi/Projects/fp-scala/chapter4/Option.scala
ERROR scalafmt: /home/levi/Projects/fp-scala/chapter4/Option.scala:7: error: expected class or object definition
Option[+A] {
^
WARN  no build target for: /home/levi/Projects/fp-scala/chapter4/Option.scala
ERROR scalafmt: /home/levi/Projects/fp-scala/chapter4/Option.scala:7: error: ; expected but [ found
object Option[+A] {
             ^
WARN  no build target for: /home/levi/Projects/fp-scala/chapter4/Option.scala
WARN  no build target for: /home/levi/Projects/fp-scala/chapter4/Option.scala
something's wrong: no file:///home/levi/Projects/fp-scala/chapter4/Option.scala in fpinscala.datastructure.Option[Nothing]RangePosition(file:///home/levi/Projects/fp-scala/chapter4/Option.scala, 128, 128, 143)
WARN  no build target for: /home/levi/Projects/fp-scala/chapter4/Option.scala
WARN  no build target for: /home/levi/Projects/fp-scala/chapter3/List.scala
something's wrong: no file:///home/levi/Projects/fp-scala/chapter4/Option.scala in fpinscala.datastructure.Option[Nothing]RangePosition(file:///home/levi/Projects/fp-scala/chapter4/Option.scala, 104, 104, 119)
something's wrong: no file:///home/levi/Projects/fp-scala/chapter4/Option.scala in fpinscala.datastructure.Option[Nothing]RangePosition(file:///home/levi/Projects/fp-scala/chapter4/Option.scala, 104, 104, 119)
INFO  shutting down Metals
INFO  started: Metals version 0.8.3 in workspace '/home/levi/Projects/fp-scala'
INFO  time: initialize in 0.87s
WARN  no build tool detected in workspace '/home/levi/Projects/fp-scala'. The most common cause for this problem is that the editor was opened in the wrong working directory, for example if you use sbt then the workspace directory should contain build.sbt. 
WARN  no build target for: /home/levi/Projects/fp-scala/chapter4/Option.scala
INFO  no build target: using presentation compiler with only scala-library
WARN  no build target for: /home/levi/Projects/fp-scala/chapter4/Option.scala
WARN  no build target for: /home/levi/Projects/fp-scala/chapter3/List.scala
something's wrong: no file:///home/levi/Projects/fp-scala/chapter3/List.scala in fpinscala.datastructure.List[Nothing]RangePosition(file:///home/levi/Projects/fp-scala/chapter3/List.scala, 79, 79, 92)
WARN  no build tool detected in workspace '/home/levi/Projects/fp-scala'. The most common cause for this problem is that the editor was opened in the wrong working directory, for example if you use sbt then the workspace directory should contain build.sbt. 
WARN  no build tool detected in workspace '/home/levi/Projects/fp-scala'. The most common cause for this problem is that the editor was opened in the wrong working directory, for example if you use sbt then the workspace directory should contain build.sbt. 
something's wrong: no file:///home/levi/Projects/fp-scala/chapter4/Option.scala in fpinscala.datastructure.Option[B]RangePosition(file:///home/levi/Projects/fp-scala/chapter4/Option.scala, 285, 285, 294)
WARN  no build tool detected in workspace '/home/levi/Projects/fp-scala'. The most common cause for this problem is that the editor was opened in the wrong working directory, for example if you use sbt then the workspace directory should contain build.sbt. 
WARN  no build tool detected in workspace '/home/levi/Projects/fp-scala'. The most common cause for this problem is that the editor was opened in the wrong working directory, for example if you use sbt then the workspace directory should contain build.sbt. 
WARN  no build target for: /home/levi/Projects/fp-scala/chapter3/Main.scala
WARN  no build target for: /home/levi/Projects/fp-scala/chapter4/Main.scala
WARN  no build target for: /home/levi/Projects/fp-scala/chapter4/Option.scala
WARN  no build target for: /home/levi/Projects/fp-scala/chapter4/Option.scala
WARN  no build target for: /home/levi/Projects/fp-scala/chapter4/Option.scala
WARN  no build target for: /home/levi/Projects/fp-scala/chapter4/Option.scala
ERROR scalafmt: /home/levi/Projects/fp-scala/chapter4/Option.scala:7: error: expected class or object definition
Option[+A] {
^
WARN  no build target for: /home/levi/Projects/fp-scala/chapter4/Option.scala
ERROR scalafmt: /home/levi/Projects/fp-scala/chapter4/Option.scala:7: error: ; expected but [ found
object Option[+A] {
             ^
WARN  no build target for: /home/levi/Projects/fp-scala/chapter4/Option.scala
ERROR scalafmt: /home/levi/Projects/fp-scala/chapter4/Option.scala:7: error: ; expected but [ found
object Option[+A] {
             ^
WARN  no build target for: /home/levi/Projects/fp-scala/chapter4/Option.scala
something's wrong: no file:///home/levi/Projects/fp-scala/chapter4/Option.scala in fpinscala.datastructure.Option[Nothing]RangePosition(file:///home/levi/Projects/fp-scala/chapter4/Option.scala, 128, 128, 143)
Apr 02, 2020 10:25:52 PM org.eclipse.lsp4j.jsonrpc.RemoteEndpoint handleCancellation
WARNING: Unmatched cancel notification for request id 371
WARN  no build target for: /home/levi/Projects/fp-scala/chapter4/Option.scala
WARN  no build target for: /home/levi/Projects/fp-scala/chapter4/Option.scala
WARN  no build target for: /home/levi/Projects/fp-scala/chapter4/Option.scala
WARN  no build target for: /home/levi/Projects/fp-scala/chapter4/Main.scala
WARN  no build target for: /home/levi/Projects/fp-scala/chapter4/Option.scala
WARN  no build target for: /home/levi/Projects/fp-scala/chapter4/Main.scala
WARN  no build target for: /home/levi/Projects/fp-scala/chapter4/Main.scala
WARN  no build target for: /home/levi/Projects/fp-scala/chapter4/Main.scala
WARN  no build target for: /home/levi/Projects/fp-scala/chapter4/Main.scala
WARN  no build target for: /home/levi/Projects/fp-scala/chapter3/Main.scala
WARN  no build target for: /home/levi/Projects/fp-scala/chapter4/Main.scala
WARN  no build target for: /home/levi/Projects/fp-scala/chapter4/Main.scala
WARN  no build target for: /home/levi/Projects/fp-scala/chapter4/Main.scala
WARN  no build target for: /home/levi/Projects/fp-scala/chapter4/Main.scala
WARN  no build target for: /home/levi/Projects/fp-scala/chapter4/Main.scala
WARN  no build target for: /home/levi/Projects/fp-scala/chapter4/Main.scala
WARN  no build target for: /home/levi/Projects/fp-scala/chapter4/Main.scala
Apr 02, 2020 10:35:37 PM scala.meta.internal.pc.CompletionProvider expected$1
WARNING: offset 275, count -1, length 393
WARN  no build target for: /home/levi/Projects/fp-scala/chapter4/Main.scala
WARN  no build target for: /home/levi/Projects/fp-scala/chapter4/Main.scala
WARN  no build target for: /home/levi/Projects/fp-scala/chapter4/Main.scala
Apr 02, 2020 10:39:27 PM org.eclipse.lsp4j.jsonrpc.RemoteEndpoint handleCancellation
WARNING: Unmatched cancel notification for request id 1965
WARN  no build target for: /home/levi/Projects/fp-scala/chapter4/Main.scala
WARN  no build target for: /home/levi/Projects/fp-scala/chapter4/Option.scala
WARN  no build target for: /home/levi/Projects/fp-scala/chapter4/Option.scala
WARN  no build target for: /home/levi/Projects/fp-scala/chapter4/Option.scala
WARN  no build target for: /home/levi/Projects/fp-scala/chapter4/Option.scala
WARN  no build target for: /home/levi/Projects/fp-scala/chapter4/Main.scala
WARN  no build target for: /home/levi/Projects/fp-scala/chapter4/Main.scala
something's wrong: no file:///home/levi/Projects/fp-scala/chapter4/Main.scala in fpinscala.datastructure.Option[<error>]RangePosition(file:///home/levi/Projects/fp-scala/chapter4/Main.scala, 277, 277, 293)
WARN  no build target for: /home/levi/Projects/fp-scala/chapter4/Main.scala
WARN  no build target for: /home/levi/Projects/fp-scala/chapter4/Main.scala
WARN  no build target for: /home/levi/Projects/fp-scala/chapter4/Main.scala
WARN  no build target for: /home/levi/Projects/fp-scala/chapter4/Main.scala
WARN  no build target for: /home/levi/Projects/fp-scala/chapter4/Main.scala
WARN  no build target for: /home/levi/Projects/fp-scala/chapter4/Main.scala
WARN  no build target for: /home/levi/Projects/fp-scala/chapter4/Main.scala
ERROR scalafmt: /home/levi/Projects/fp-scala/chapter4/Option.scala:30: error: identifier expected but ] found
case class Some[+A](get: A) extends Option[+A]
                                             ^
WARN  no build target for: /home/levi/Projects/fp-scala/chapter4/Option.scala
WARN  no build target for: /home/levi/Projects/fp-scala/chapter4/Option.scala
WARN  no build target for: /home/levi/Projects/fp-scala/chapter4/Main.scala
WARN  no build target for: /home/levi/Projects/fp-scala/chapter4/Main.scala
something's wrong: no file:///home/levi/Projects/fp-scala/chapter4/Main.scala in fpinscala.datastructure.Option[<error>]RangePosition(file:///home/levi/Projects/fp-scala/chapter4/Main.scala, 350, 350, 366)
WARN  no build target for: /home/levi/Projects/fp-scala/chapter4/Main.scala
WARN  no build target for: /home/levi/Projects/fp-scala/chapter4/Main.scala
WARN  no build target for: /home/levi/Projects/fp-scala/chapter4/Main.scala
WARN  no build target for: /home/levi/Projects/fp-scala/chapter4/Main.scala
WARN  no build target for: /home/levi/Projects/fp-scala/chapter4/Main.scala
WARN  no build target for: /home/levi/Projects/fp-scala/chapter4/Main.scala
WARN  no build target for: /home/levi/Projects/fp-scala/chapter4/Main.scala
WARN  no build target for: /home/levi/Projects/fp-scala/chapter4/Option.scala
WARN  no build target for: /home/levi/Projects/fp-scala/chapter4/Main.scala
WARN  no build target for: /home/levi/Projects/fp-scala/chapter4/Main.scala
WARN  no build target for: /home/levi/Projects/fp-scala/chapter4/Main.scala
WARN  no build target for: /home/levi/Projects/fp-scala/chapter4/Main.scala
WARN  no build target for: /home/levi/Projects/fp-scala/chapter4/Option.scala
WARN  no build target for: /home/levi/Projects/fp-scala/chapter4/Option.scala
INFO  started: Metals version 0.8.3 in workspace '/home/levi/Projects/fp-scala'
INFO  time: initialize in 0.97s
WARN  no build tool detected in workspace '/home/levi/Projects/fp-scala'. The most common cause for this problem is that the editor was opened in the wrong working directory, for example if you use sbt then the workspace directory should contain build.sbt. 
WARN  no build target for: /home/levi/Projects/fp-scala/chapter4/Option.scala
WARN  no build target for: /home/levi/Projects/fp-scala/chapter4/Main.scala
INFO  no build target: using presentation compiler with only scala-library
something's wrong: no file:///home/levi/Projects/fp-scala/chapter4/Main.scala in Seq[<error>]RangePosition(file:///home/levi/Projects/fp-scala/chapter4/Main.scala, 609, 609, 622)
something's wrong: no file:///home/levi/Projects/fp-scala/chapter4/Main.scala in Seq[<error>]RangePosition(file:///home/levi/Projects/fp-scala/chapter4/Main.scala, 609, 609, 615)
something's wrong: no file:///home/levi/Projects/fp-scala/chapter4/Main.scala in Seq[<error>]RangePosition(file:///home/levi/Projects/fp-scala/chapter4/Main.scala, 609, 609, 619)
something's wrong: no file:///home/levi/Projects/fp-scala/chapter4/Main.scala in Seq[<error>]RangePosition(file:///home/levi/Projects/fp-scala/chapter4/Main.scala, 609, 609, 618)
something's wrong: no file:///home/levi/Projects/fp-scala/chapter4/Main.scala in Seq[<error>]RangePosition(file:///home/levi/Projects/fp-scala/chapter4/Main.scala, 609, 609, 617)
something's wrong: no file:///home/levi/Projects/fp-scala/chapter4/Main.scala in Seq[<error>]RangePosition(file:///home/levi/Projects/fp-scala/chapter4/Main.scala, 609, 609, 619)
something's wrong: no file:///home/levi/Projects/fp-scala/chapter4/Main.scala in Seq[<error>]RangePosition(file:///home/levi/Projects/fp-scala/chapter4/Main.scala, 609, 609, 618)
something's wrong: no file:///home/levi/Projects/fp-scala/chapter4/Main.scala in Seq[<error>]RangePosition(file:///home/levi/Projects/fp-scala/chapter4/Main.scala, 609, 609, 616)
something's wrong: no file:///home/levi/Projects/fp-scala/chapter4/Main.scala in Seq[<error>]RangePosition(file:///home/levi/Projects/fp-scala/chapter4/Main.scala, 609, 609, 617)
something's wrong: no file:///home/levi/Projects/fp-scala/chapter4/Main.scala in Seq[<error>]RangePosition(file:///home/levi/Projects/fp-scala/chapter4/Main.scala, 609, 609, 619)
something's wrong: no file:///home/levi/Projects/fp-scala/chapter4/Main.scala in Seq[Double]RangePosition(file:///home/levi/Projects/fp-scala/chapter4/Main.scala, 609, 609, 620)
something's wrong: no file:///home/levi/Projects/fp-scala/chapter4/Main.scala in Seq[Double]RangePosition(file:///home/levi/Projects/fp-scala/chapter4/Main.scala, 609, 609, 620)
something's wrong: no file:///home/levi/Projects/fp-scala/chapter4/Main.scala in Seq[Double]RangePosition(file:///home/levi/Projects/fp-scala/chapter4/Main.scala, 609, 609, 620)
WARN  no build target for: /home/levi/Projects/fp-scala/chapter4/Main.scala
Apr 03, 2020 11:40:08 PM org.eclipse.lsp4j.jsonrpc.RemoteEndpoint handleCancellation
WARNING: Unmatched cancel notification for request id 259
WARN  no build target for: /home/levi/Projects/fp-scala/chapter4/Main.scala
WARN  no build target for: /home/levi/Projects/fp-scala/chapter4/Main.scala
WARN  no build target for: /home/levi/Projects/fp-scala/chapter4/Main.scala
WARN  no build target for: /home/levi/Projects/fp-scala/chapter4/Main.scala
WARN  no build target for: /home/levi/Projects/fp-scala/chapter4/Main.scala
WARN  no build target for: /home/levi/Projects/fp-scala/chapter4/Main.scala
WARN  no build target for: /home/levi/Projects/fp-scala/chapter4/Main.scala
WARN  no build target for: /home/levi/Projects/fp-scala/chapter4/Main.scala
WARN  no build target for: /home/levi/Projects/fp-scala/chapter4/Main.scala
WARN  no build target for: /home/levi/Projects/fp-scala/chapter4/Main.scala
WARN  no build target for: /home/levi/Projects/fp-scala/chapter4/Main.scala
ERROR scalafmt: /home/levi/Projects/fp-scala/chapter4/Main.scala:34: error: ) expected but . found
    var m = divide(xs.sum, (Double) xs.length());
                                      ^
WARN  no build target for: /home/levi/Projects/fp-scala/chapter4/Main.scala
WARN  no build target for: /home/levi/Projects/fp-scala/chapter4/Main.scala
ERROR scalafmt: /home/levi/Projects/fp-scala/chapter4/Main.scala:26: error: ] expected but identifier found
  def divide[T :> Number](a: T, b: T): Option[T] = b match {
               ^
WARN  no build target for: /home/levi/Projects/fp-scala/chapter4/Main.scala
WARN  no build target for: /home/levi/Projects/fp-scala/chapter4/Main.scala
WARN  no build target for: /home/levi/Projects/fp-scala/chapter4/Main.scala
ERROR scalafmt: /home/levi/Projects/fp-scala/chapter4/Main.scala:34: error: ) expected but ; found
    var m = divide(xs.sum, xs.length;
                                    ^
WARN  no build target for: /home/levi/Projects/fp-scala/chapter4/Main.scala
WARN  no build target for: /home/levi/Projects/fp-scala/chapter4/Main.scala
WARN  no build target for: /home/levi/Projects/fp-scala/chapter4/Main.scala
WARN  no build target for: /home/levi/Projects/fp-scala/chapter4/Main.scala
WARN  no build target for: /home/levi/Projects/fp-scala/chapter4/Main.scala
Apr 04, 2020 12:04:52 AM org.eclipse.lsp4j.jsonrpc.RemoteEndpoint handleCancellation
WARNING: Unmatched cancel notification for request id 2305
WARN  no build target for: /home/levi/Projects/fp-scala/chapter4/Main.scala
WARN  no build target for: /home/levi/Projects/fp-scala/chapter4/Main.scala
WARN  no build target for: /home/levi/Projects/fp-scala/chapter4/Main.scala
WARN  no build target for: /home/levi/Projects/fp-scala/chapter4/Main.scala
WARN  no build target for: /home/levi/Projects/fp-scala/chapter4/Main.scala
WARN  no build target for: /home/levi/Projects/fp-scala/chapter4/Main.scala
WARN  no build target for: /home/levi/Projects/fp-scala/chapter4/Main.scala
WARN  no build target for: /home/levi/Projects/fp-scala/chapter4/Main.scala
WARN  no build target for: /home/levi/Projects/fp-scala/chapter4/Main.scala
WARN  no build target for: /home/levi/Projects/fp-scala/chapter4/Main.scala
WARN  no build target for: /home/levi/Projects/fp-scala/chapter4/Main.scala
WARN  no build target for: /home/levi/Projects/fp-scala/chapter4/Main.scala
WARN  no build target for: /home/levi/Projects/fp-scala/chapter4/Main.scala
WARN  no build target for: /home/levi/Projects/fp-scala/chapter4/Main.scala
WARN  no build target for: /home/levi/Projects/fp-scala/chapter4/Main.scala
WARN  no build target for: /home/levi/Projects/fp-scala/chapter4/Main.scala
something's wrong: no file:///home/levi/Projects/fp-scala/chapter4/Main.scala in Seq[<error>]RangePosition(file:///home/levi/Projects/fp-scala/chapter4/Main.scala, 1113, 1113, 1126)
something's wrong: no file:///home/levi/Projects/fp-scala/chapter4/Main.scala in Seq[<error>]RangePosition(file:///home/levi/Projects/fp-scala/chapter4/Main.scala, 1113, 1113, 1119)
something's wrong: no file:///home/levi/Projects/fp-scala/chapter4/Main.scala in Seq[<error>]RangePosition(file:///home/levi/Projects/fp-scala/chapter4/Main.scala, 1113, 1113, 1122)
something's wrong: no file:///home/levi/Projects/fp-scala/chapter4/Main.scala in Seq[Double]RangePosition(file:///home/levi/Projects/fp-scala/chapter4/Main.scala, 1113, 1113, 1124)
Apr 04, 2020 12:20:14 AM org.eclipse.lsp4j.jsonrpc.RemoteEndpoint handleCancellation
WARNING: Unmatched cancel notification for request id 3360
WARN  no build target for: /home/levi/Projects/fp-scala/chapter4/Main.scala
WARN  no build target for: /home/levi/Projects/fp-scala/chapter4/Main.scala
WARN  no build target for: /home/levi/Projects/fp-scala/chapter4/Main.scala
WARN  no build target for: /home/levi/Projects/fp-scala/chapter4/Main.scala
WARN  no build target for: /home/levi/Projects/fp-scala/chapter4/Main.scala
WARN  no build target for: /home/levi/Projects/fp-scala/chapter4/Main.scala
WARN  no build target for: /home/levi/Projects/fp-scala/chapter4/Main.scala
